In file included from ../ext/bson.cc:14:0:
/home/stephen/.cache/node-gyp/13.9.0/include/node/v8.h:1576:58: warning: ‘deprecated’ attribute directive ignored [-Wattributes]
                                 Local<Value> export_value);
                                                          ^
/home/stephen/.cache/node-gyp/13.9.0/include/node/v8.h:5073:30: warning: ‘deprecated’ attribute directive ignored [-Wattributes]
   inline bool IsNeuterable() const {
                              ^
/home/stephen/.cache/node-gyp/13.9.0/include/node/v8.h:5087:22: warning: ‘deprecated’ attribute directive ignored [-Wattributes]
   inline void Neuter() { Detach(); }
                      ^
/home/stephen/.cache/node-gyp/13.9.0/include/node/v8.h:5550:76: warning: ‘deprecated’ attribute directive ignored [-Wattributes]
       ArrayBufferCreationMode mode = ArrayBufferCreationMode::kExternalized);
                                                                            ^
/home/stephen/.cache/node-gyp/13.9.0/include/node/v8.h:6938:28: warning: ‘deprecated’ attribute directive ignored [-Wattributes]
   size_t code_range_size() const { return code_range_size_ / kMB; }
                            ^
/home/stephen/.cache/node-gyp/13.9.0/include/node/v8.h:6940:46: warning: ‘deprecated’ attribute directive ignored [-Wattributes]
   void set_code_range_size(size_t limit_in_mb) {
                                              ^
/home/stephen/.cache/node-gyp/13.9.0/include/node/v8.h:6944:38: warning: ‘deprecated’ attribute directive ignored [-Wattributes]
   size_t max_semi_space_size_in_kb() const;
                                      ^
/home/stephen/.cache/node-gyp/13.9.0/include/node/v8.h:6946:56: warning: ‘deprecated’ attribute directive ignored [-Wattributes]
   void set_max_semi_space_size_in_kb(size_t limit_in_kb);
                                                        ^
/home/stephen/.cache/node-gyp/13.9.0/include/node/v8.h:6948:31: warning: ‘deprecated’ attribute directive ignored [-Wattributes]
   size_t max_old_space_size() const { return max_old_generation_size_ / kMB; }
                               ^
/home/stephen/.cache/node-gyp/13.9.0/include/node/v8.h:6950:49: warning: ‘deprecated’ attribute directive ignored [-Wattributes]
   void set_max_old_space_size(size_t limit_in_mb) {
                                                 ^
/home/stephen/.cache/node-gyp/13.9.0/include/node/v8.h:6954:31: warning: ‘deprecated’ attribute directive ignored [-Wattributes]
   size_t max_zone_pool_size() const { return max_zone_pool_size_; }
                               ^
/home/stephen/.cache/node-gyp/13.9.0/include/node/v8.h:6956:43: warning: ‘deprecated’ attribute directive ignored [-Wattributes]
   void set_max_zone_pool_size(size_t bytes) { max_zone_pool_size_ = bytes; }
                                           ^
/home/stephen/.cache/node-gyp/13.9.0/include/node/v8.h:7730:75: warning: ‘deprecated’ attribute directive ignored [-Wattributes]
   V8_DEPRECATED("Use version with parameter.") virtual void TraceEpilogue() {}
                                                                           ^
/home/stephen/.cache/node-gyp/13.9.0/include/node/v8.h:7785:48: warning: ‘deprecated’ attribute directive ignored [-Wattributes]
       const v8::TracedGlobal<v8::Value>& handle);
                                                ^
/home/stephen/.cache/node-gyp/13.9.0/include/node/v8.h:8455:36: warning: ‘deprecated’ attribute directive ignored [-Wattributes]
   Local<Context> GetEnteredContext();
                                    ^
/home/stephen/.cache/node-gyp/13.9.0/include/node/v8.h:8768:75: warning: ‘deprecated’ attribute directive ignored [-Wattributes]
   void AddMicrotasksCompletedCallback(MicrotasksCompletedCallback callback);
                                                                           ^
/home/stephen/.cache/node-gyp/13.9.0/include/node/v8.h:8776:78: warning: ‘deprecated’ attribute directive ignored [-Wattributes]
   void RemoveMicrotasksCompletedCallback(MicrotasksCompletedCallback callback);
                                                                              ^
/home/stephen/.cache/node-gyp/13.9.0/include/node/v8.h:9207:59: warning: ‘deprecated’ attribute directive ignored [-Wattributes]
   static void SetNativesDataBlob(StartupData* startup_blob);
                                                           ^
/home/stephen/.cache/node-gyp/13.9.0/include/node/v8.h:9220:61: warning: ‘deprecated’ attribute directive ignored [-Wattributes]
   static void SetFlagsFromString(const char* str, int length);
                                                             ^
/home/stephen/.cache/node-gyp/13.9.0/include/node/v8.h:9305:70: warning: ‘deprecated’ attribute directive ignored [-Wattributes]
                                             const char* snapshot_blob);
                                                                      ^
/home/stephen/.cache/node-gyp/13.9.0/include/node/v8.h:9341:75: warning: ‘deprecated’ attribute directive ignored [-Wattributes]
   static bool TryHandleSignal(int signal_number, void* info, void* context);
                                                                           ^
In file included from /home/stephen/.cache/node-gyp/13.9.0/include/node/node.h:72:0,
                 from ../ext/bson.cc:22:
/home/stephen/.cache/node-gyp/13.9.0/include/node/v8-platform.h:371:71: warning: ‘deprecated’ attribute directive ignored [-Wattributes]
   virtual void CallOnForegroundThread(Isolate* isolate, Task* task) = 0;
                                                                       ^
/home/stephen/.cache/node-gyp/13.9.0/include/node/v8-platform.h:381:73: warning: ‘deprecated’ attribute directive ignored [-Wattributes]
                                              double delay_in_seconds) = 0;
                                                                         ^
/home/stephen/.cache/node-gyp/13.9.0/include/node/v8-platform.h:392:75: warning: ‘deprecated’ attribute directive ignored [-Wattributes]
   virtual void CallIdleOnForegroundThread(Isolate* isolate, IdleTask* task) {
                                                                           ^
In file included from ../../../../nan/nan.h:82:0,
                 from ../ext/bson.h:17,
                 from ../ext/bson.cc:36:
../../../../nan/nan_new.h:24:43: error: template declaration of ‘v8::Local<T> NanIntern::To’
 template <typename T> v8::Local<T> To(v8::Handle<v8::Integer> i);
                                           ^
../../../../nan/nan_new.h:24:39: error: ‘Handle’ is not a member of ‘v8’
 template <typename T> v8::Local<T> To(v8::Handle<v8::Integer> i);
                                       ^
../../../../nan/nan_new.h:24:61: error: expected primary-expression before ‘>’ token
 template <typename T> v8::Local<T> To(v8::Handle<v8::Integer> i);
                                                             ^
../../../../nan/nan_new.h:24:63: error: ‘i’ was not declared in this scope
 template <typename T> v8::Local<T> To(v8::Handle<v8::Integer> i);
                                                               ^
../../../../nan/nan_new.h:29:3: error: expected initializer before ‘<’ token
 To<v8::Integer>(v8::Handle<v8::Integer> i) { return i->ToInteger(); }
   ^
../../../../nan/nan_new.h:34:3: error: expected initializer before ‘<’ token
 To<v8::Int32>(v8::Handle<v8::Integer> i)   { return i->ToInt32(); }
   ^
../../../../nan/nan_new.h:39:3: error: expected initializer before ‘<’ token
 To<v8::Uint32>(v8::Handle<v8::Integer> i)  { return i->ToUint32(); }
   ^
../../../../nan/nan_new.h:66:12: error: ‘v8::Handle’ has not been declared
      , v8::Handle<v8::ObjectTemplate> tmpl = v8::Handle<v8::ObjectTemplate>()
            ^
../../../../nan/nan_new.h:66:18: error: expected ‘,’ or ‘...’ before ‘<’ token
      , v8::Handle<v8::ObjectTemplate> tmpl = v8::Handle<v8::ObjectTemplate>()
                  ^
../../../../nan/nan_new.h:65:3: error: default argument missing for parameter 2 of ‘static NanIntern::FactoryBase<v8::Context>::return_t NanIntern::Factory<v8::Context>::New(v8::ExtensionConfiguration*, int)’
   New( v8::ExtensionConfiguration* extensions = NULL
   ^
../../../../nan/nan_new.h:85:12: error: ‘v8::Handle’ has not been declared
      , v8::Handle<v8::Value> data = v8::Handle<v8::Value>());
            ^
../../../../nan/nan_new.h:85:18: error: expected ‘,’ or ‘...’ before ‘<’ token
      , v8::Handle<v8::Value> data = v8::Handle<v8::Value>());
                  ^
../../../../nan/nan_new.h:93:12: error: ‘v8::Handle’ has not been declared
      , v8::Handle<v8::Value> data = v8::Handle<v8::Value>()
            ^
../../../../nan/nan_new.h:93:18: error: expected ‘,’ or ‘...’ before ‘<’ token
      , v8::Handle<v8::Value> data = v8::Handle<v8::Value>()
                  ^
../../../../nan/nan_new.h:92:3: error: default argument missing for parameter 2 of ‘static NanIntern::FactoryBase<v8::FunctionTemplate>::return_t NanIntern::Factory<v8::FunctionTemplate>::New(NanFunctionCallback, int)’
   New( NanFunctionCallback callback = NULL
   ^
../../../../nan/nan_new.h:139:11: error: ‘v8::Handle’ has not been declared
       v8::Handle<v8::String> pattern, v8::RegExp::Flags flags);
           ^
../../../../nan/nan_new.h:139:17: error: expected ‘,’ or ‘...’ before ‘<’ token
       v8::Handle<v8::String> pattern, v8::RegExp::Flags flags);
                 ^
../../../../nan/nan_new.h:151:11: error: ‘Handle’ in namespace ‘v8’ does not name a type
   typedef v8::Handle<v8::FunctionTemplate> FTH;
           ^
../../../../nan/nan_new.h:152:30: error: ‘FTH’ has not been declared
   static inline return_t New(FTH receiver = FTH());
                              ^
../../../../nan/nan_new.h:152:49: error: ‘FTH’ was not declared in this scope
   static inline return_t New(FTH receiver = FTH());
                                                 ^
../../../../nan/nan_new.h:171:34: error: ‘v8::Handle’ has not been declared
   static inline return_t New(v8::Handle<v8::String> value);
                                  ^
../../../../nan/nan_new.h:171:40: error: expected ‘,’ or ‘...’ before ‘<’ token
   static inline return_t New(v8::Handle<v8::String> value);
                                        ^
In file included from ../../../../nan/nan_new.h:189:0,
                 from ../../../../nan/nan.h:82,
                 from ../ext/bson.h:17,
                 from ../ext/bson.cc:36:
../../../../nan/nan_implementation_12_inl.h: In static member function ‘static NanIntern::FactoryBase<v8::BooleanObject>::return_t NanIntern::Factory<v8::BooleanObject>::New(bool)’:
../../../../nan/nan_implementation_12_inl.h:49:38: error: no matching function for call to ‘v8::BooleanObject::New(bool&)’
   return v8::BooleanObject::New(value).As<v8::BooleanObject>();
                                      ^
../../../../nan/nan_implementation_12_inl.h:49:38: note: candidate is:
In file included from ../ext/bson.cc:14:0:
/home/stephen/.cache/node-gyp/13.9.0/include/node/v8.h:5672:23: note: static v8::Local<v8::Value> v8::BooleanObject::New(v8::Isolate*, bool)
   static Local<Value> New(Isolate* isolate, bool value);
                       ^
/home/stephen/.cache/node-gyp/13.9.0/include/node/v8.h:5672:23: note:   candidate expects 2 arguments, 1 provided
In file included from ../../../../nan/nan_new.h:189:0,
                 from ../../../../nan/nan.h:82,
                 from ../ext/bson.h:17,
                 from ../ext/bson.cc:36:
../../../../nan/nan_implementation_12_inl.h:49:60: error: expected primary-expression before ‘>’ token
   return v8::BooleanObject::New(value).As<v8::BooleanObject>();
                                                            ^
../../../../nan/nan_implementation_12_inl.h:49:62: error: expected primary-expression before ‘)’ token
   return v8::BooleanObject::New(value).As<v8::BooleanObject>();
                                                              ^
../../../../nan/nan_implementation_12_inl.h: At global scope:
../../../../nan/nan_implementation_12_inl.h:56:32: error: ‘v8::Handle’ has not been declared
                          , v8::Handle<v8::ObjectTemplate> tmpl
                                ^
../../../../nan/nan_implementation_12_inl.h:56:38: error: expected ‘,’ or ‘...’ before ‘<’ token
                          , v8::Handle<v8::ObjectTemplate> tmpl
                                      ^
../../../../nan/nan_implementation_12_inl.h: In static member function ‘static NanIntern::FactoryBase<v8::Context>::return_t NanIntern::Factory<v8::Context>::New(v8::ExtensionConfiguration*, int)’:
../../../../nan/nan_implementation_12_inl.h:58:66: error: ‘tmpl’ was not declared in this scope
   return v8::Context::New(v8::Isolate::GetCurrent(), extensions, tmpl, obj);
                                                                  ^
../../../../nan/nan_implementation_12_inl.h:58:72: error: ‘obj’ was not declared in this scope
   return v8::Context::New(v8::Isolate::GetCurrent(), extensions, tmpl, obj);
                                                                        ^
../../../../nan/nan_implementation_12_inl.h: In static member function ‘static NanIntern::FactoryBase<v8::Date>::return_t NanIntern::Factory<v8::Date>::New(double)’:
../../../../nan/nan_implementation_12_inl.h:65:56: error: no matching function for call to ‘v8::Date::New(v8::Isolate*, double&)’
   return v8::Date::New(v8::Isolate::GetCurrent(), value).As<v8::Date>();
                                                        ^
../../../../nan/nan_implementation_12_inl.h:65:56: note: candidate is:
In file included from ../ext/bson.cc:14:0:
/home/stephen/.cache/node-gyp/13.9.0/include/node/v8.h:5621:50: note: static v8::MaybeLocal<v8::Value> v8::Date::New(v8::Local<v8::Context>, double)
   static V8_WARN_UNUSED_RESULT MaybeLocal<Value> New(Local<Context> context,
                                                  ^
/home/stephen/.cache/node-gyp/13.9.0/include/node/v8.h:5621:50: note:   no known conversion for argument 1 from ‘v8::Isolate*’ to ‘v8::Local<v8::Context>’
In file included from ../../../../nan/nan_new.h:189:0,
                 from ../../../../nan/nan.h:82,
                 from ../ext/bson.h:17,
                 from ../ext/bson.cc:36:
../../../../nan/nan_implementation_12_inl.h:65:69: error: expected primary-expression before ‘>’ token
   return v8::Date::New(v8::Isolate::GetCurrent(), value).As<v8::Date>();
                                                                     ^
../../../../nan/nan_implementation_12_inl.h:65:71: error: expected primary-expression before ‘)’ token
   return v8::Date::New(v8::Isolate::GetCurrent(), value).As<v8::Date>();
                                                                       ^
../../../../nan/nan_implementation_12_inl.h: At global scope:
../../../../nan/nan_implementation_12_inl.h:79:33: error: ‘v8::Handle’ has not been declared
                           , v8::Handle<v8::Value> data) {
                                 ^
../../../../nan/nan_implementation_12_inl.h:79:39: error: expected ‘,’ or ‘...’ before ‘<’ token
                           , v8::Handle<v8::Value> data) {
                                       ^
../../../../nan/nan_implementation_12_inl.h: In static member function ‘static NanIntern::FactoryBase<v8::Function>::return_t NanIntern::Factory<v8::Function>::New(NanFunctionCallback, int)’:
../../../../nan/nan_implementation_12_inl.h:82:29: error: ‘data’ was not declared in this scope
                           , data);
                             ^
../../../../nan/nan_implementation_12_inl.h: At global scope:
../../../../nan/nan_implementation_12_inl.h:89:41: error: ‘v8::Handle’ has not been declared
                                   , v8::Handle<v8::Value> data
                                         ^
../../../../nan/nan_implementation_12_inl.h:89:47: error: expected ‘,’ or ‘...’ before ‘<’ token
                                   , v8::Handle<v8::Value> data
                                               ^
../../../../nan/nan_implementation_12_inl.h: In static member function ‘static NanIntern::FactoryBase<v8::FunctionTemplate>::return_t NanIntern::Factory<v8::FunctionTemplate>::New(NanFunctionCallback, int)’:
../../../../nan/nan_implementation_12_inl.h:93:37: error: ‘data’ was not declared in this scope
                                   , data
                                     ^
../../../../nan/nan_implementation_12_inl.h:94:37: error: ‘signature’ was not declared in this scope
                                   , signature);
                                     ^
../../../../nan/nan_implementation_12_inl.h: In static member function ‘static NanIntern::IntegerFactory<T>::return_t NanIntern::IntegerFactory<T>::New(int32_t)’:
../../../../nan/nan_implementation_12_inl.h:117:10: error: ‘To’ was not declared in this scope
   return To<T>(T::New(v8::Isolate::GetCurrent(), value));
          ^
../../../../nan/nan_implementation_12_inl.h:117:14: error: expected primary-expression before ‘>’ token
   return To<T>(T::New(v8::Isolate::GetCurrent(), value));
              ^
../../../../nan/nan_implementation_12_inl.h: In static member function ‘static NanIntern::IntegerFactory<T>::return_t NanIntern::IntegerFactory<T>::New(uint32_t)’:
../../../../nan/nan_implementation_12_inl.h:123:10: error: ‘To’ was not declared in this scope
   return To<T>(T::NewFromUnsigned(v8::Isolate::GetCurrent(), value));
          ^
../../../../nan/nan_implementation_12_inl.h:123:14: error: expected primary-expression before ‘>’ token
   return To<T>(T::NewFromUnsigned(v8::Isolate::GetCurrent(), value));
              ^
../../../../nan/nan_implementation_12_inl.h: In static member function ‘static NanIntern::FactoryBase<v8::Uint32>::return_t NanIntern::Factory<v8::Uint32>::New(int32_t)’:
../../../../nan/nan_implementation_12_inl.h:128:10: error: ‘To’ was not declared in this scope
   return To<v8::Uint32>(
          ^
../../../../nan/nan_implementation_12_inl.h:128:23: error: expected primary-expression before ‘>’ token
   return To<v8::Uint32>(
                       ^
../../../../nan/nan_implementation_12_inl.h: In static member function ‘static NanIntern::FactoryBase<v8::Uint32>::return_t NanIntern::Factory<v8::Uint32>::New(uint32_t)’:
../../../../nan/nan_implementation_12_inl.h:134:10: error: ‘To’ was not declared in this scope
   return To<v8::Uint32>(
          ^
../../../../nan/nan_implementation_12_inl.h:134:23: error: expected primary-expression before ‘>’ token
   return To<v8::Uint32>(
                       ^
../../../../nan/nan_implementation_12_inl.h: At global scope:
../../../../nan/nan_implementation_12_inl.h:156:9: error: ‘NanIntern::FactoryBase<v8::RegExp>::return_t NanIntern::Factory<v8::RegExp>::New’ is not a static member of ‘struct NanIntern::Factory<v8::RegExp>’
     v8::Handle<v8::String> pattern
         ^
../../../../nan/nan_implementation_12_inl.h:156:5: error: ‘Handle’ is not a member of ‘v8’
     v8::Handle<v8::String> pattern
     ^
../../../../nan/nan_implementation_12_inl.h:156:26: error: expected primary-expression before ‘>’ token
     v8::Handle<v8::String> pattern
                          ^
../../../../nan/nan_implementation_12_inl.h:156:28: error: ‘pattern’ was not declared in this scope
     v8::Handle<v8::String> pattern
                            ^
../../../../nan/nan_implementation_12_inl.h:157:23: error: expected primary-expression before ‘flags’
   , v8::RegExp::Flags flags) {
                       ^
../../../../nan/nan_implementation_12_inl.h:157:30: error: expected ‘,’ or ‘;’ before ‘{’ token
   , v8::RegExp::Flags flags) {
                              ^
../../../../nan/nan_implementation_12_inl.h: In static member function ‘static NanIntern::FactoryBase<v8::Script>::return_t NanIntern::Factory<v8::Script>::New(v8::Local<v8::String>)’:
../../../../nan/nan_implementation_12_inl.h:166:69: error: no matching function for call to ‘v8::ScriptCompiler::Compile(v8::Isolate*, v8::ScriptCompiler::Source*)’
   return v8::ScriptCompiler::Compile(v8::Isolate::GetCurrent(), &src);
                                                                     ^
../../../../nan/nan_implementation_12_inl.h:166:69: note: candidates are:
In file included from ../ext/bson.cc:14:0:
/home/stephen/.cache/node-gyp/13.9.0/include/node/v8.h:1843:51: note: static v8::MaybeLocal<v8::Script> v8::ScriptCompiler::Compile(v8::Local<v8::Context>, v8::ScriptCompiler::Source*, v8::ScriptCompiler::CompileOptions, v8::ScriptCompiler::NoCacheReason)
   static V8_WARN_UNUSED_RESULT MaybeLocal<Script> Compile(
                                                   ^
/home/stephen/.cache/node-gyp/13.9.0/include/node/v8.h:1843:51: note:   no known conversion for argument 1 from ‘v8::Isolate*’ to ‘v8::Local<v8::Context>’
/home/stephen/.cache/node-gyp/13.9.0/include/node/v8.h:1870:51: note: static v8::MaybeLocal<v8::Script> v8::ScriptCompiler::Compile(v8::Local<v8::Context>, v8::ScriptCompiler::StreamedSource*, v8::Local<v8::String>, const v8::ScriptOrigin&)
   static V8_WARN_UNUSED_RESULT MaybeLocal<Script> Compile(
                                                   ^
/home/stephen/.cache/node-gyp/13.9.0/include/node/v8.h:1870:51: note:   candidate expects 4 arguments, 2 provided
In file included from ../../../../nan/nan_new.h:189:0,
                 from ../../../../nan/nan.h:82,
                 from ../ext/bson.h:17,
                 from ../ext/bson.cc:36:
../../../../nan/nan_implementation_12_inl.h: In static member function ‘static NanIntern::FactoryBase<v8::Script>::return_t NanIntern::Factory<v8::Script>::New(v8::Local<v8::String>, const v8::ScriptOrigin&)’:
../../../../nan/nan_implementation_12_inl.h:173:69: error: no matching function for call to ‘v8::ScriptCompiler::Compile(v8::Isolate*, v8::ScriptCompiler::Source*)’
   return v8::ScriptCompiler::Compile(v8::Isolate::GetCurrent(), &src);
                                                                     ^
../../../../nan/nan_implementation_12_inl.h:173:69: note: candidates are:
In file included from ../ext/bson.cc:14:0:
/home/stephen/.cache/node-gyp/13.9.0/include/node/v8.h:1843:51: note: static v8::MaybeLocal<v8::Script> v8::ScriptCompiler::Compile(v8::Local<v8::Context>, v8::ScriptCompiler::Source*, v8::ScriptCompiler::CompileOptions, v8::ScriptCompiler::NoCacheReason)
   static V8_WARN_UNUSED_RESULT MaybeLocal<Script> Compile(
                                                   ^
/home/stephen/.cache/node-gyp/13.9.0/include/node/v8.h:1843:51: note:   no known conversion for argument 1 from ‘v8::Isolate*’ to ‘v8::Local<v8::Context>’
/home/stephen/.cache/node-gyp/13.9.0/include/node/v8.h:1870:51: note: static v8::MaybeLocal<v8::Script> v8::ScriptCompiler::Compile(v8::Local<v8::Context>, v8::ScriptCompiler::StreamedSource*, v8::Local<v8::String>, const v8::ScriptOrigin&)
   static V8_WARN_UNUSED_RESULT MaybeLocal<Script> Compile(
                                                   ^
/home/stephen/.cache/node-gyp/13.9.0/include/node/v8.h:1870:51: note:   candidate expects 4 arguments, 2 provided
In file included from ../../../../nan/nan_new.h:189:0,
                 from ../../../../nan/nan.h:82,
                 from ../ext/bson.h:17,
                 from ../ext/bson.cc:36:
../../../../nan/nan_implementation_12_inl.h: At global scope:
../../../../nan/nan_implementation_12_inl.h:179:53: error: ‘NanIntern::FactoryBase<v8::Signature>::return_t NanIntern::Factory<v8::Signature>::New’ is not a static member of ‘struct NanIntern::Factory<v8::Signature>’
 Factory<v8::Signature>::New(Factory<v8::Signature>::FTH receiver) {
                                                     ^
../../../../nan/nan_implementation_12_inl.h:179:29: error: ‘FTH’ is not a member of ‘NanIntern::Factory<v8::Signature>’
 Factory<v8::Signature>::New(Factory<v8::Signature>::FTH receiver) {
                             ^
../../../../nan/nan_implementation_12_inl.h:179:67: error: expected ‘,’ or ‘;’ before ‘{’ token
 Factory<v8::Signature>::New(Factory<v8::Signature>::FTH receiver) {
                                                                   ^
../../../../nan/nan_implementation_12_inl.h: In static member function ‘static NanIntern::FactoryBase<v8::String>::return_t NanIntern::Factory<v8::String>::New(const char*, int)’:
../../../../nan/nan_implementation_12_inl.h:193:7: error: ‘kNormalString’ is not a member of ‘v8::String’
       v8::String::kNormalString, length);
       ^
../../../../nan/nan_implementation_12_inl.h: In static member function ‘static NanIntern::FactoryBase<v8::String>::return_t NanIntern::Factory<v8::String>::New(const string&)’:
../../../../nan/nan_implementation_12_inl.h:200:21: error: ‘kNormalString’ is not a member of ‘v8::String’
       value.data(), v8::String::kNormalString, static_cast<int>(value.size()));
                     ^
../../../../nan/nan_implementation_12_inl.h: In static member function ‘static NanIntern::FactoryBase<v8::String>::return_t NanIntern::Factory<v8::String>::New(const uint8_t*, int)’:
../../../../nan/nan_implementation_12_inl.h:206:9: error: ‘kNormalString’ is not a member of ‘v8::String’
         v8::String::kNormalString, length);
         ^
../../../../nan/nan_implementation_12_inl.h: In static member function ‘static NanIntern::FactoryBase<v8::String>::return_t NanIntern::Factory<v8::String>::New(const uint16_t*, int)’:
../../../../nan/nan_implementation_12_inl.h:212:9: error: ‘kNormalString’ is not a member of ‘v8::String’
         v8::String::kNormalString, length);
         ^
../../../../nan/nan_implementation_12_inl.h: In static member function ‘static NanIntern::FactoryBase<v8::String>::return_t NanIntern::Factory<v8::String>::New(v8::String::ExternalStringResource*)’:
../../../../nan/nan_implementation_12_inl.h:217:10: error: ‘NewExternal’ is not a member of ‘v8::String’
   return v8::String::NewExternal(v8::Isolate::GetCurrent(), value);
          ^
../../../../nan/nan_implementation_12_inl.h: In static member function ‘static NanIntern::FactoryBase<v8::String>::return_t NanIntern::Factory<v8::String>::New(NanExternalOneByteStringResource*)’:
../../../../nan/nan_implementation_12_inl.h:222:10: error: ‘NewExternal’ is not a member of ‘v8::String’
   return v8::String::NewExternal(v8::Isolate::GetCurrent(), value);
          ^
../../../../nan/nan_implementation_12_inl.h: At global scope:
../../../../nan/nan_implementation_12_inl.h:228:36: error: ‘NanIntern::FactoryBase<v8::StringObject>::return_t NanIntern::Factory<v8::StringObject>::New’ is not a static member of ‘struct NanIntern::Factory<v8::StringObject>’
 Factory<v8::StringObject>::New(v8::Handle<v8::String> value) {
                                    ^
../../../../nan/nan_implementation_12_inl.h:228:32: error: ‘Handle’ is not a member of ‘v8’
 Factory<v8::StringObject>::New(v8::Handle<v8::String> value) {
                                ^
../../../../nan/nan_implementation_12_inl.h:228:53: error: expected primary-expression before ‘>’ token
 Factory<v8::StringObject>::New(v8::Handle<v8::String> value) {
                                                     ^
../../../../nan/nan_implementation_12_inl.h:228:55: error: ‘value’ was not declared in this scope
 Factory<v8::StringObject>::New(v8::Handle<v8::String> value) {
                                                       ^
../../../../nan/nan_implementation_12_inl.h:228:62: error: expected ‘,’ or ‘;’ before ‘{’ token
 Factory<v8::StringObject>::New(v8::Handle<v8::String> value) {
                                                              ^
../../../../nan/nan_implementation_12_inl.h: In static member function ‘static NanIntern::FactoryBase<v8::UnboundScript>::return_t NanIntern::Factory<v8::UnboundScript>::New(v8::Local<v8::String>)’:
../../../../nan/nan_implementation_12_inl.h:237:10: error: ‘CompileUnbound’ is not a member of ‘v8::ScriptCompiler’
   return v8::ScriptCompiler::CompileUnbound(v8::Isolate::GetCurrent(), &src);
          ^
../../../../nan/nan_implementation_12_inl.h: In static member function ‘static NanIntern::FactoryBase<v8::UnboundScript>::return_t NanIntern::Factory<v8::UnboundScript>::New(v8::Local<v8::String>, const v8::ScriptOrigin&)’:
../../../../nan/nan_implementation_12_inl.h:244:10: error: ‘CompileUnbound’ is not a member of ‘v8::ScriptCompiler’
   return v8::ScriptCompiler::CompileUnbound(v8::Isolate::GetCurrent(), &src);
          ^
../../../../nan/nan_implementation_12_inl.h: At global scope:
../../../../nan/nan_implementation_12_inl.h:252:32: error: ‘NanNew’ declared as an ‘inline’ variable
 inline v8::Local<T> NanNew(v8::Handle<T> h) {
                                ^
../../../../nan/nan_implementation_12_inl.h:252:32: error: template declaration of ‘v8::Local<T> NanNew’
../../../../nan/nan_implementation_12_inl.h:252:28: error: ‘Handle’ is not a member of ‘v8’
 inline v8::Local<T> NanNew(v8::Handle<T> h) {
                            ^
../../../../nan/nan_implementation_12_inl.h:252:40: error: expected primary-expression before ‘>’ token
 inline v8::Local<T> NanNew(v8::Handle<T> h) {
                                        ^
../../../../nan/nan_implementation_12_inl.h:252:42: error: ‘h’ was not declared in this scope
 inline v8::Local<T> NanNew(v8::Handle<T> h) {
                                          ^
In file included from ../../../../nan/nan.h:82:0,
                 from ../ext/bson.h:17,
                 from ../ext/bson.cc:36:
../../../../nan/nan_new.h:238:13: error: ‘v8::Handle’ has not been declared
       , v8::Handle<v8::Value> data = v8::Handle<v8::Value>()) {
             ^
../../../../nan/nan_new.h:238:19: error: expected ‘,’ or ‘...’ before ‘<’ token
       , v8::Handle<v8::Value> data = v8::Handle<v8::Value>()) {
                   ^
../../../../nan/nan_new.h: In function ‘typename NanIntern::Factory<T>::return_t NanNew(NanFunctionCallback, int)’:
../../../../nan/nan_new.h:239:49: error: ‘data’ was not declared in this scope
     return NanIntern::Factory<T>::New(callback, data);
                                                 ^
../../../../nan/nan_new.h: At global scope:
../../../../nan/nan_new.h:246:13: error: ‘v8::Handle’ has not been declared
       , v8::Handle<v8::Value> data = v8::Handle<v8::Value>()
             ^
../../../../nan/nan_new.h:246:19: error: expected ‘,’ or ‘...’ before ‘<’ token
       , v8::Handle<v8::Value> data = v8::Handle<v8::Value>()
                   ^
../../../../nan/nan_new.h: In function ‘typename NanIntern::Factory<T>::return_t NanNew(NanFunctionCallback, int)’:
../../../../nan/nan_new.h:248:49: error: ‘data’ was not declared in this scope
     return NanIntern::Factory<T>::New(callback, data, a2);
                                                 ^
../../../../nan/nan_new.h:248:55: error: ‘a2’ was not declared in this scope
     return NanIntern::Factory<T>::New(callback, data, a2);
                                                       ^
../../../../nan/nan_new.h: At global scope:
../../../../nan/nan_new.h:253:54: error: ‘NanNew’ declared as an ‘inline’ variable
 template <typename T> inline v8::Local<T> NanNew(v8::Handle<T> h);
                                                      ^
../../../../nan/nan_new.h:253:54: error: template declaration of ‘v8::Local<T> NanNew’
../../../../nan/nan_new.h:253:50: error: ‘Handle’ is not a member of ‘v8’
 template <typename T> inline v8::Local<T> NanNew(v8::Handle<T> h);
                                                  ^
../../../../nan/nan_new.h:253:62: error: expected primary-expression before ‘>’ token
 template <typename T> inline v8::Local<T> NanNew(v8::Handle<T> h);
                                                              ^
../../../../nan/nan_new.h:253:64: error: ‘h’ was not declared in this scope
 template <typename T> inline v8::Local<T> NanNew(v8::Handle<T> h);
                                                                ^
../../../../nan/nan_new.h:324:12: error: ‘NanNew’ declared as an ‘inline’ variable
 NanNew(v8::Handle<v8::String> pattern, v8::RegExp::Flags flags) {
            ^
../../../../nan/nan_new.h:324:12: error: ‘NanIntern::FactoryBase<v8::RegExp>::return_t NanNew’ redeclared as different kind of symbol
../../../../nan/nan_new.h:318:1: error: previous declaration of ‘NanIntern::FactoryBase<v8::String>::return_t NanNew(NanExternalOneByteStringResource*)’
 NanNew(NanExternalOneByteStringResource * value) {
 ^
../../../../nan/nan_new.h:324:8: error: ‘Handle’ is not a member of ‘v8’
 NanNew(v8::Handle<v8::String> pattern, v8::RegExp::Flags flags) {
        ^
../../../../nan/nan_new.h:324:29: error: expected primary-expression before ‘>’ token
 NanNew(v8::Handle<v8::String> pattern, v8::RegExp::Flags flags) {
                             ^
../../../../nan/nan_new.h:324:31: error: ‘pattern’ was not declared in this scope
 NanNew(v8::Handle<v8::String> pattern, v8::RegExp::Flags flags) {
                               ^
../../../../nan/nan_new.h:324:58: error: expected primary-expression before ‘flags’
 NanNew(v8::Handle<v8::String> pattern, v8::RegExp::Flags flags) {
                                                          ^
In file included from ../ext/bson.h:17:0,
                 from ../ext/bson.cc:36:
../../../../nan/nan.h:220:9: error: ‘v8::Handle’ has not been declared
   , v8::Handle<v8::String> opt, bool def
         ^
../../../../nan/nan.h:220:15: error: expected ‘,’ or ‘...’ before ‘<’ token
   , v8::Handle<v8::String> opt, bool def
               ^
../../../../nan/nan.h: In function ‘bool NanBooleanOptionValue(v8::Local<v8::Object>, int)’:
../../../../nan/nan.h:222:7: error: ‘def’ was not declared in this scope
   if (def) {
       ^
../../../../nan/nan.h:224:27: error: ‘opt’ was not declared in this scope
       || !optionsObj->Has(opt)
                           ^
../../../../nan/nan.h:228:26: error: ‘opt’ was not declared in this scope
       && optionsObj->Has(opt)
                          ^
../../../../nan/nan.h: At global scope:
../../../../nan/nan.h:235:9: error: ‘v8::Handle’ has not been declared
   , v8::Handle<v8::String> opt
         ^
../../../../nan/nan.h:235:15: error: expected ‘,’ or ‘...’ before ‘<’ token
   , v8::Handle<v8::String> opt
               ^
../../../../nan/nan.h: In function ‘bool NanBooleanOptionValue(v8::Local<v8::Object>, int)’:
../../../../nan/nan.h:233:17: error: redefinition of ‘bool NanBooleanOptionValue(v8::Local<v8::Object>, int)’
 NAN_INLINE bool NanBooleanOptionValue(
                 ^
../../../../nan/nan.h:218:17: error: ‘bool NanBooleanOptionValue(v8::Local<v8::Object>, int)’ previously defined here
 NAN_INLINE bool NanBooleanOptionValue(
                 ^
../../../../nan/nan.h:237:44: error: ‘opt’ was not declared in this scope
   return NanBooleanOptionValue(optionsObj, opt, false);
                                            ^
../../../../nan/nan.h: At global scope:
../../../../nan/nan.h:242:9: error: ‘v8::Handle’ has not been declared
   , v8::Handle<v8::String> opt
         ^
../../../../nan/nan.h:242:15: error: expected ‘,’ or ‘...’ before ‘<’ token
   , v8::Handle<v8::String> opt
               ^
../../../../nan/nan.h: In function ‘uint32_t NanUInt32OptionValue(v8::Local<v8::Object>, int)’:
../../../../nan/nan.h:246:24: error: ‘opt’ was not declared in this scope
     && optionsObj->Has(opt)
                        ^
../../../../nan/nan.h:249:9: error: ‘def’ was not declared in this scope
       : def;
         ^
../../../../nan/nan.h: At global scope:
../../../../nan/nan.h:253:25: error: template declaration of ‘v8::Local<T> NanNew’
 v8::Local<T> NanNew(v8::Handle<T>);
                         ^
../../../../nan/nan.h:253:21: error: ‘Handle’ is not a member of ‘v8’
 v8::Local<T> NanNew(v8::Handle<T>);
                     ^
../../../../nan/nan.h:253:33: error: expected primary-expression before ‘>’ token
 v8::Local<T> NanNew(v8::Handle<T>);
                                 ^
../../../../nan/nan.h:253:34: error: expected primary-expression before ‘)’ token
 v8::Local<T> NanNew(v8::Handle<T>);
                                  ^
../../../../nan/nan.h:256:45: error: ‘_NanEnsureLocal’ declared as an ‘inline’ variable
 NAN_INLINE v8::Local<T> _NanEnsureLocal(v8::Handle<T> val) {
                                             ^
../../../../nan/nan.h:256:45: warning: ‘always_inline’ attribute ignored [-Wattributes]
../../../../nan/nan.h:256:45: error: template declaration of ‘v8::Local<T> _NanEnsureLocal’
../../../../nan/nan.h:256:41: error: ‘Handle’ is not a member of ‘v8’
 NAN_INLINE v8::Local<T> _NanEnsureLocal(v8::Handle<T> val) {
                                         ^
../../../../nan/nan.h:256:53: error: expected primary-expression before ‘>’ token
 NAN_INLINE v8::Local<T> _NanEnsureLocal(v8::Handle<T> val) {
                                                     ^
../../../../nan/nan.h:256:55: error: ‘val’ was not declared in this scope
 NAN_INLINE v8::Local<T> _NanEnsureLocal(v8::Handle<T> val) {
                                                       ^
../../../../nan/nan.h: In function ‘bool NanIdleNotification(int)’:
../../../../nan/nan.h:289:39: error: ‘class v8::Isolate’ has no member named ‘IdleNotification’
     return v8::Isolate::GetCurrent()->IdleNotification(idle_time_in_ms);
                                       ^
../../../../nan/nan.h: In function ‘v8::Local<v8::Primitive> NanUndefined()’:
../../../../nan/nan.h:414:74: error: no matching function for call to ‘NanNew(v8::Local<v8::Primitive>)’
     return NanEscapeScope(NanNew(v8::Undefined(v8::Isolate::GetCurrent())));
                                                                          ^
../../../../nan/nan.h:398:59: note: in definition of macro ‘NanEscapeScope’
 # define NanEscapeScope(val) scope.Escape(_NanEnsureLocal(val))
                                                           ^
../../../../nan/nan.h:414:74: note: candidates are:
     return NanEscapeScope(NanNew(v8::Undefined(v8::Isolate::GetCurrent())));
                                                                          ^
../../../../nan/nan.h:398:59: note: in definition of macro ‘NanEscapeScope’
 # define NanEscapeScope(val) scope.Escape(_NanEnsureLocal(val))
                                                           ^
In file included from ../../../../nan/nan_new.h:189:0,
                 from ../../../../nan/nan.h:82,
                 from ../ext/bson.h:17,
                 from ../ext/bson.cc:36:
../../../../nan/nan_implementation_12_inl.h:257:21: note: template<class T> v8::Local<T> NanNew(const v8::Persistent<T, v8::NonCopyablePersistentTraits<T> >&)
 inline v8::Local<T> NanNew(v8::Persistent<T> const& p) {
                     ^
../../../../nan/nan_implementation_12_inl.h:257:21: note:   template argument deduction/substitution failed:
In file included from ../ext/bson.h:17:0,
                 from ../ext/bson.cc:36:
../../../../nan/nan.h:414:74: note:   ‘v8::Local<v8::Primitive>’ is not derived from ‘const v8::Persistent<T, v8::NonCopyablePersistentTraits<T> >’
     return NanEscapeScope(NanNew(v8::Undefined(v8::Isolate::GetCurrent())));
                                                                          ^
../../../../nan/nan.h:398:59: note: in definition of macro ‘NanEscapeScope’
 # define NanEscapeScope(val) scope.Escape(_NanEnsureLocal(val))
                                                           ^
In file included from ../../../../nan/nan.h:82:0,
                 from ../ext/bson.h:17,
                 from ../ext/bson.cc:36:
../../../../nan/nan_new.h:201:1: note: template<class T> typename NanIntern::Factory<T>::return_t NanNew()
 NanNew() {
 ^
../../../../nan/nan_new.h:201:1: note:   template argument deduction/substitution failed:
In file included from ../ext/bson.h:17:0,
                 from ../ext/bson.cc:36:
../../../../nan/nan.h:414:74: note:   candidate expects 0 arguments, 1 provided
     return NanEscapeScope(NanNew(v8::Undefined(v8::Isolate::GetCurrent())));
                                                                          ^
../../../../nan/nan.h:398:59: note: in definition of macro ‘NanEscapeScope’
 # define NanEscapeScope(val) scope.Escape(_NanEnsureLocal(val))
                                                           ^
In file included from ../../../../nan/nan.h:82:0,
                 from ../ext/bson.h:17,
                 from ../ext/bson.cc:36:
../../../../nan/nan_new.h:207:1: note: template<class T, class A0> typename NanIntern::Factory<T>::return_t NanNew(A0)
 NanNew(A0 arg0) {
 ^
../../../../nan/nan_new.h:207:1: note:   template argument deduction/substitution failed:
In file included from ../ext/bson.h:17:0,
                 from ../ext/bson.cc:36:
../../../../nan/nan.h:414:74: note:   couldn't deduce template parameter ‘T’
     return NanEscapeScope(NanNew(v8::Undefined(v8::Isolate::GetCurrent())));
                                                                          ^
../../../../nan/nan.h:398:59: note: in definition of macro ‘NanEscapeScope’
 # define NanEscapeScope(val) scope.Escape(_NanEnsureLocal(val))
                                                           ^
In file included from ../../../../nan/nan.h:82:0,
                 from ../ext/bson.h:17,
                 from ../ext/bson.cc:36:
../../../../nan/nan_new.h:213:1: note: template<class T, class A0, class A1> typename NanIntern::Factory<T>::return_t NanNew(A0, A1)
 NanNew(A0 arg0, A1 arg1) {
 ^
../../../../nan/nan_new.h:213:1: note:   template argument deduction/substitution failed:
In file included from ../ext/bson.h:17:0,
                 from ../ext/bson.cc:36:
../../../../nan/nan.h:414:74: note:   candidate expects 2 arguments, 1 provided
     return NanEscapeScope(NanNew(v8::Undefined(v8::Isolate::GetCurrent())));
                                                                          ^
../../../../nan/nan.h:398:59: note: in definition of macro ‘NanEscapeScope’
 # define NanEscapeScope(val) scope.Escape(_NanEnsureLocal(val))
                                                           ^
In file included from ../../../../nan/nan.h:82:0,
                 from ../ext/bson.h:17,
                 from ../ext/bson.cc:36:
../../../../nan/nan_new.h:219:1: note: template<class T, class A0, class A1, class A2> typename NanIntern::Factory<T>::return_t NanNew(A0, A1, A2)
 NanNew(A0 arg0, A1 arg1, A2 arg2) {
 ^
../../../../nan/nan_new.h:219:1: note:   template argument deduction/substitution failed:
In file included from ../ext/bson.h:17:0,
                 from ../ext/bson.cc:36:
../../../../nan/nan.h:414:74: note:   candidate expects 3 arguments, 1 provided
     return NanEscapeScope(NanNew(v8::Undefined(v8::Isolate::GetCurrent())));
                                                                          ^
../../../../nan/nan.h:398:59: note: in definition of macro ‘NanEscapeScope’
 # define NanEscapeScope(val) scope.Escape(_NanEnsureLocal(val))
                                                           ^
In file included from ../../../../nan/nan.h:82:0,
                 from ../ext/bson.h:17,
                 from ../ext/bson.cc:36:
../../../../nan/nan_new.h:225:1: note: template<class T, class A0, class A1, class A2, class A3> typename NanIntern::Factory<T>::return_t NanNew(A0, A1, A2, A3)
 NanNew(A0 arg0, A1 arg1, A2 arg2, A3 arg3) {
 ^
../../../../nan/nan_new.h:225:1: note:   template argument deduction/substitution failed:
In file included from ../ext/bson.h:17:0,
                 from ../ext/bson.cc:36:
../../../../nan/nan.h:414:74: note:   candidate expects 4 arguments, 1 provided
     return NanEscapeScope(NanNew(v8::Undefined(v8::Isolate::GetCurrent())));
                                                                          ^
../../../../nan/nan.h:398:59: note: in definition of macro ‘NanEscapeScope’
 # define NanEscapeScope(val) scope.Escape(_NanEnsureLocal(val))
                                                           ^
In file included from ../../../../nan/nan.h:82:0,
                 from ../ext/bson.h:17,
                 from ../ext/bson.cc:36:
../../../../nan/nan_new.h:237:1: note: template<class T> typename NanIntern::Factory<T>::return_t NanNew(NanFunctionCallback, int)
 NanNew( NanFunctionCallback callback
 ^
../../../../nan/nan_new.h:237:1: note:   template argument deduction/substitution failed:
In file included from ../ext/bson.h:17:0,
                 from ../ext/bson.cc:36:
../../../../nan/nan.h:414:74: note:   cannot convert ‘v8::Undefined(v8::Isolate::GetCurrent())’ (type ‘v8::Local<v8::Primitive>’) to type ‘NanFunctionCallback {aka void (*)(const v8::FunctionCallbackInfo<v8::Value>&)}’
     return NanEscapeScope(NanNew(v8::Undefined(v8::Isolate::GetCurrent())));
                                                                          ^
../../../../nan/nan.h:398:59: note: in definition of macro ‘NanEscapeScope’
 # define NanEscapeScope(val) scope.Escape(_NanEnsureLocal(val))
                                                           ^
In file included from ../../../../nan/nan.h:82:0,
                 from ../ext/bson.h:17,
                 from ../ext/bson.cc:36:
../../../../nan/nan_new.h:245:1: note: template<class T, class A2> typename NanIntern::Factory<T>::return_t NanNew(NanFunctionCallback, int)
 NanNew( NanFunctionCallback callback
 ^
../../../../nan/nan_new.h:245:1: note:   template argument deduction/substitution failed:
In file included from ../ext/bson.h:17:0,
                 from ../ext/bson.cc:36:
../../../../nan/nan.h:414:74: note:   cannot convert ‘v8::Undefined(v8::Isolate::GetCurrent())’ (type ‘v8::Local<v8::Primitive>’) to type ‘NanFunctionCallback {aka void (*)(const v8::FunctionCallbackInfo<v8::Value>&)}’
     return NanEscapeScope(NanNew(v8::Undefined(v8::Isolate::GetCurrent())));
                                                                          ^
../../../../nan/nan.h:398:59: note: in definition of macro ‘NanEscapeScope’
 # define NanEscapeScope(val) scope.Escape(_NanEnsureLocal(val))
                                                           ^
In file included from ../../../../nan/nan.h:82:0,
                 from ../ext/bson.h:17,
                 from ../ext/bson.cc:36:
../../../../nan/nan_new.h:258:1: note: NanIntern::FactoryBase<v8::Boolean>::return_t NanNew(bool)
 NanNew(bool value) {
 ^
../../../../nan/nan_new.h:258:1: note:   no known conversion for argument 1 from ‘v8::Local<v8::Primitive>’ to ‘bool’
../../../../nan/nan_new.h:264:1: note: NanIntern::IntegerFactory<v8::Int32>::return_t NanNew(int32_t)
 NanNew(int32_t value) {
 ^
../../../../nan/nan_new.h:264:1: note:   no known conversion for argument 1 from ‘v8::Local<v8::Primitive>’ to ‘int32_t {aka int}’
../../../../nan/nan_new.h:270:1: note: NanIntern::FactoryBase<v8::Uint32>::return_t NanNew(uint32_t)
 NanNew(uint32_t value) {
 ^
../../../../nan/nan_new.h:270:1: note:   no known conversion for argument 1 from ‘v8::Local<v8::Primitive>’ to ‘uint32_t {aka unsigned int}’
../../../../nan/nan_new.h:276:1: note: NanIntern::FactoryBase<v8::Number>::return_t NanNew(double)
 NanNew(double value) {
 ^
../../../../nan/nan_new.h:276:1: note:   no known conversion for argument 1 from ‘v8::Local<v8::Primitive>’ to ‘double’
../../../../nan/nan_new.h:282:1: note: NanIntern::FactoryBase<v8::String>::return_t NanNew(const string&)
 NanNew(std::string const& value) {
 ^
../../../../nan/nan_new.h:282:1: note:   no known conversion for argument 1 from ‘v8::Local<v8::Primitive>’ to ‘const string& {aka const std::basic_string<char>&}’
../../../../nan/nan_new.h:288:1: note: NanIntern::FactoryBase<v8::String>::return_t NanNew(const char*, int)
 NanNew(const char * value, int length) {
 ^
../../../../nan/nan_new.h:288:1: note:   candidate expects 2 arguments, 1 provided
../../../../nan/nan_new.h:294:1: note: NanIntern::FactoryBase<v8::String>::return_t NanNew(const char*)
 NanNew(const char * value) {
 ^
../../../../nan/nan_new.h:294:1: note:   no known conversion for argument 1 from ‘v8::Local<v8::Primitive>’ to ‘const char*’
../../../../nan/nan_new.h:300:1: note: NanIntern::FactoryBase<v8::String>::return_t NanNew(const uint8_t*)
 NanNew(const uint8_t * value) {
 ^
../../../../nan/nan_new.h:300:1: note:   no known conversion for argument 1 from ‘v8::Local<v8::Primitive>’ to ‘const uint8_t* {aka const unsigned char*}’
../../../../nan/nan_new.h:306:1: note: NanIntern::FactoryBase<v8::String>::return_t NanNew(const uint16_t*)
 NanNew(const uint16_t * value) {
 ^
../../../../nan/nan_new.h:306:1: note:   no known conversion for argument 1 from ‘v8::Local<v8::Primitive>’ to ‘const uint16_t* {aka const short unsigned int*}’
../../../../nan/nan_new.h:312:1: note: NanIntern::FactoryBase<v8::String>::return_t NanNew(v8::String::ExternalStringResource*)
 NanNew(v8::String::ExternalStringResource * value) {
 ^
../../../../nan/nan_new.h:312:1: note:   no known conversion for argument 1 from ‘v8::Local<v8::Primitive>’ to ‘v8::String::ExternalStringResource*’
../../../../nan/nan_new.h:318:1: note: NanIntern::FactoryBase<v8::String>::return_t NanNew(NanExternalOneByteStringResource*)
 NanNew(NanExternalOneByteStringResource * value) {
 ^
../../../../nan/nan_new.h:318:1: note:   no known conversion for argument 1 from ‘v8::Local<v8::Primitive>’ to ‘NanExternalOneByteStringResource* {aka v8::String::ExternalOneByteStringResource*}’
In file included from ../ext/bson.h:17:0,
                 from ../ext/bson.cc:36:
../../../../nan/nan.h: In function ‘v8::Local<v8::Primitive> NanNull()’:
../../../../nan/nan.h:419:69: error: no matching function for call to ‘NanNew(v8::Local<v8::Primitive>)’
     return NanEscapeScope(NanNew(v8::Null(v8::Isolate::GetCurrent())));
                                                                     ^
../../../../nan/nan.h:398:59: note: in definition of macro ‘NanEscapeScope’
 # define NanEscapeScope(val) scope.Escape(_NanEnsureLocal(val))
                                                           ^
../../../../nan/nan.h:419:69: note: candidates are:
     return NanEscapeScope(NanNew(v8::Null(v8::Isolate::GetCurrent())));
                                                                     ^
../../../../nan/nan.h:398:59: note: in definition of macro ‘NanEscapeScope’
 # define NanEscapeScope(val) scope.Escape(_NanEnsureLocal(val))
                                                           ^
In file included from ../../../../nan/nan_new.h:189:0,
                 from ../../../../nan/nan.h:82,
                 from ../ext/bson.h:17,
                 from ../ext/bson.cc:36:
../../../../nan/nan_implementation_12_inl.h:257:21: note: template<class T> v8::Local<T> NanNew(const v8::Persistent<T, v8::NonCopyablePersistentTraits<T> >&)
 inline v8::Local<T> NanNew(v8::Persistent<T> const& p) {
                     ^
../../../../nan/nan_implementation_12_inl.h:257:21: note:   template argument deduction/substitution failed:
In file included from ../ext/bson.h:17:0,
                 from ../ext/bson.cc:36:
../../../../nan/nan.h:419:69: note:   ‘v8::Local<v8::Primitive>’ is not derived from ‘const v8::Persistent<T, v8::NonCopyablePersistentTraits<T> >’
     return NanEscapeScope(NanNew(v8::Null(v8::Isolate::GetCurrent())));
                                                                     ^
../../../../nan/nan.h:398:59: note: in definition of macro ‘NanEscapeScope’
 # define NanEscapeScope(val) scope.Escape(_NanEnsureLocal(val))
                                                           ^
In file included from ../../../../nan/nan.h:82:0,
                 from ../ext/bson.h:17,
                 from ../ext/bson.cc:36:
../../../../nan/nan_new.h:201:1: note: template<class T> typename NanIntern::Factory<T>::return_t NanNew()
 NanNew() {
 ^
../../../../nan/nan_new.h:201:1: note:   template argument deduction/substitution failed:
In file included from ../ext/bson.h:17:0,
                 from ../ext/bson.cc:36:
../../../../nan/nan.h:419:69: note:   candidate expects 0 arguments, 1 provided
     return NanEscapeScope(NanNew(v8::Null(v8::Isolate::GetCurrent())));
                                                                     ^
../../../../nan/nan.h:398:59: note: in definition of macro ‘NanEscapeScope’
 # define NanEscapeScope(val) scope.Escape(_NanEnsureLocal(val))
                                                           ^
In file included from ../../../../nan/nan.h:82:0,
                 from ../ext/bson.h:17,
                 from ../ext/bson.cc:36:
../../../../nan/nan_new.h:207:1: note: template<class T, class A0> typename NanIntern::Factory<T>::return_t NanNew(A0)
 NanNew(A0 arg0) {
 ^
../../../../nan/nan_new.h:207:1: note:   template argument deduction/substitution failed:
In file included from ../ext/bson.h:17:0,
                 from ../ext/bson.cc:36:
../../../../nan/nan.h:419:69: note:   couldn't deduce template parameter ‘T’
     return NanEscapeScope(NanNew(v8::Null(v8::Isolate::GetCurrent())));
                                                                     ^
../../../../nan/nan.h:398:59: note: in definition of macro ‘NanEscapeScope’
 # define NanEscapeScope(val) scope.Escape(_NanEnsureLocal(val))
                                                           ^
In file included from ../../../../nan/nan.h:82:0,
                 from ../ext/bson.h:17,
                 from ../ext/bson.cc:36:
../../../../nan/nan_new.h:213:1: note: template<class T, class A0, class A1> typename NanIntern::Factory<T>::return_t NanNew(A0, A1)
 NanNew(A0 arg0, A1 arg1) {
 ^
../../../../nan/nan_new.h:213:1: note:   template argument deduction/substitution failed:
In file included from ../ext/bson.h:17:0,
                 from ../ext/bson.cc:36:
../../../../nan/nan.h:419:69: note:   candidate expects 2 arguments, 1 provided
     return NanEscapeScope(NanNew(v8::Null(v8::Isolate::GetCurrent())));
                                                                     ^
../../../../nan/nan.h:398:59: note: in definition of macro ‘NanEscapeScope’
 # define NanEscapeScope(val) scope.Escape(_NanEnsureLocal(val))
                                                           ^
In file included from ../../../../nan/nan.h:82:0,
                 from ../ext/bson.h:17,
                 from ../ext/bson.cc:36:
../../../../nan/nan_new.h:219:1: note: template<class T, class A0, class A1, class A2> typename NanIntern::Factory<T>::return_t NanNew(A0, A1, A2)
 NanNew(A0 arg0, A1 arg1, A2 arg2) {
 ^
../../../../nan/nan_new.h:219:1: note:   template argument deduction/substitution failed:
In file included from ../ext/bson.h:17:0,
                 from ../ext/bson.cc:36:
../../../../nan/nan.h:419:69: note:   candidate expects 3 arguments, 1 provided
     return NanEscapeScope(NanNew(v8::Null(v8::Isolate::GetCurrent())));
                                                                     ^
../../../../nan/nan.h:398:59: note: in definition of macro ‘NanEscapeScope’
 # define NanEscapeScope(val) scope.Escape(_NanEnsureLocal(val))
                                                           ^
In file included from ../../../../nan/nan.h:82:0,
                 from ../ext/bson.h:17,
                 from ../ext/bson.cc:36:
../../../../nan/nan_new.h:225:1: note: template<class T, class A0, class A1, class A2, class A3> typename NanIntern::Factory<T>::return_t NanNew(A0, A1, A2, A3)
 NanNew(A0 arg0, A1 arg1, A2 arg2, A3 arg3) {
 ^
../../../../nan/nan_new.h:225:1: note:   template argument deduction/substitution failed:
In file included from ../ext/bson.h:17:0,
                 from ../ext/bson.cc:36:
../../../../nan/nan.h:419:69: note:   candidate expects 4 arguments, 1 provided
     return NanEscapeScope(NanNew(v8::Null(v8::Isolate::GetCurrent())));
                                                                     ^
../../../../nan/nan.h:398:59: note: in definition of macro ‘NanEscapeScope’
 # define NanEscapeScope(val) scope.Escape(_NanEnsureLocal(val))
                                                           ^
In file included from ../../../../nan/nan.h:82:0,
                 from ../ext/bson.h:17,
                 from ../ext/bson.cc:36:
../../../../nan/nan_new.h:237:1: note: template<class T> typename NanIntern::Factory<T>::return_t NanNew(NanFunctionCallback, int)
 NanNew( NanFunctionCallback callback
 ^
../../../../nan/nan_new.h:237:1: note:   template argument deduction/substitution failed:
In file included from ../ext/bson.h:17:0,
                 from ../ext/bson.cc:36:
../../../../nan/nan.h:419:69: note:   cannot convert ‘v8::Null(v8::Isolate::GetCurrent())’ (type ‘v8::Local<v8::Primitive>’) to type ‘NanFunctionCallback {aka void (*)(const v8::FunctionCallbackInfo<v8::Value>&)}’
     return NanEscapeScope(NanNew(v8::Null(v8::Isolate::GetCurrent())));
                                                                     ^
../../../../nan/nan.h:398:59: note: in definition of macro ‘NanEscapeScope’
 # define NanEscapeScope(val) scope.Escape(_NanEnsureLocal(val))
                                                           ^
In file included from ../../../../nan/nan.h:82:0,
                 from ../ext/bson.h:17,
                 from ../ext/bson.cc:36:
../../../../nan/nan_new.h:245:1: note: template<class T, class A2> typename NanIntern::Factory<T>::return_t NanNew(NanFunctionCallback, int)
 NanNew( NanFunctionCallback callback
 ^
../../../../nan/nan_new.h:245:1: note:   template argument deduction/substitution failed:
In file included from ../ext/bson.h:17:0,
                 from ../ext/bson.cc:36:
../../../../nan/nan.h:419:69: note:   cannot convert ‘v8::Null(v8::Isolate::GetCurrent())’ (type ‘v8::Local<v8::Primitive>’) to type ‘NanFunctionCallback {aka void (*)(const v8::FunctionCallbackInfo<v8::Value>&)}’
     return NanEscapeScope(NanNew(v8::Null(v8::Isolate::GetCurrent())));
                                                                     ^
../../../../nan/nan.h:398:59: note: in definition of macro ‘NanEscapeScope’
 # define NanEscapeScope(val) scope.Escape(_NanEnsureLocal(val))
                                                           ^
In file included from ../../../../nan/nan.h:82:0,
                 from ../ext/bson.h:17,
                 from ../ext/bson.cc:36:
../../../../nan/nan_new.h:258:1: note: NanIntern::FactoryBase<v8::Boolean>::return_t NanNew(bool)
 NanNew(bool value) {
 ^
../../../../nan/nan_new.h:258:1: note:   no known conversion for argument 1 from ‘v8::Local<v8::Primitive>’ to ‘bool’
../../../../nan/nan_new.h:264:1: note: NanIntern::IntegerFactory<v8::Int32>::return_t NanNew(int32_t)
 NanNew(int32_t value) {
 ^
../../../../nan/nan_new.h:264:1: note:   no known conversion for argument 1 from ‘v8::Local<v8::Primitive>’ to ‘int32_t {aka int}’
../../../../nan/nan_new.h:270:1: note: NanIntern::FactoryBase<v8::Uint32>::return_t NanNew(uint32_t)
 NanNew(uint32_t value) {
 ^
../../../../nan/nan_new.h:270:1: note:   no known conversion for argument 1 from ‘v8::Local<v8::Primitive>’ to ‘uint32_t {aka unsigned int}’
../../../../nan/nan_new.h:276:1: note: NanIntern::FactoryBase<v8::Number>::return_t NanNew(double)
 NanNew(double value) {
 ^
../../../../nan/nan_new.h:276:1: note:   no known conversion for argument 1 from ‘v8::Local<v8::Primitive>’ to ‘double’
../../../../nan/nan_new.h:282:1: note: NanIntern::FactoryBase<v8::String>::return_t NanNew(const string&)
 NanNew(std::string const& value) {
 ^
../../../../nan/nan_new.h:282:1: note:   no known conversion for argument 1 from ‘v8::Local<v8::Primitive>’ to ‘const string& {aka const std::basic_string<char>&}’
../../../../nan/nan_new.h:288:1: note: NanIntern::FactoryBase<v8::String>::return_t NanNew(const char*, int)
 NanNew(const char * value, int length) {
 ^
../../../../nan/nan_new.h:288:1: note:   candidate expects 2 arguments, 1 provided
../../../../nan/nan_new.h:294:1: note: NanIntern::FactoryBase<v8::String>::return_t NanNew(const char*)
 NanNew(const char * value) {
 ^
../../../../nan/nan_new.h:294:1: note:   no known conversion for argument 1 from ‘v8::Local<v8::Primitive>’ to ‘const char*’
../../../../nan/nan_new.h:300:1: note: NanIntern::FactoryBase<v8::String>::return_t NanNew(const uint8_t*)
 NanNew(const uint8_t * value) {
 ^
../../../../nan/nan_new.h:300:1: note:   no known conversion for argument 1 from ‘v8::Local<v8::Primitive>’ to ‘const uint8_t* {aka const unsigned char*}’
../../../../nan/nan_new.h:306:1: note: NanIntern::FactoryBase<v8::String>::return_t NanNew(const uint16_t*)
 NanNew(const uint16_t * value) {
 ^
../../../../nan/nan_new.h:306:1: note:   no known conversion for argument 1 from ‘v8::Local<v8::Primitive>’ to ‘const uint16_t* {aka const short unsigned int*}’
../../../../nan/nan_new.h:312:1: note: NanIntern::FactoryBase<v8::String>::return_t NanNew(v8::String::ExternalStringResource*)
 NanNew(v8::String::ExternalStringResource * value) {
 ^
../../../../nan/nan_new.h:312:1: note:   no known conversion for argument 1 from ‘v8::Local<v8::Primitive>’ to ‘v8::String::ExternalStringResource*’
../../../../nan/nan_new.h:318:1: note: NanIntern::FactoryBase<v8::String>::return_t NanNew(NanExternalOneByteStringResource*)
 NanNew(NanExternalOneByteStringResource * value) {
 ^
../../../../nan/nan_new.h:318:1: note:   no known conversion for argument 1 from ‘v8::Local<v8::Primitive>’ to ‘NanExternalOneByteStringResource* {aka v8::String::ExternalOneByteStringResource*}’
In file included from ../ext/bson.h:17:0,
                 from ../ext/bson.cc:36:
../../../../nan/nan.h: In function ‘v8::Local<v8::Boolean> NanTrue()’:
../../../../nan/nan.h:424:69: error: no matching function for call to ‘NanNew(v8::Local<v8::Boolean>)’
     return NanEscapeScope(NanNew(v8::True(v8::Isolate::GetCurrent())));
                                                                     ^
../../../../nan/nan.h:398:59: note: in definition of macro ‘NanEscapeScope’
 # define NanEscapeScope(val) scope.Escape(_NanEnsureLocal(val))
                                                           ^
../../../../nan/nan.h:424:69: note: candidates are:
     return NanEscapeScope(NanNew(v8::True(v8::Isolate::GetCurrent())));
                                                                     ^
../../../../nan/nan.h:398:59: note: in definition of macro ‘NanEscapeScope’
 # define NanEscapeScope(val) scope.Escape(_NanEnsureLocal(val))
                                                           ^
In file included from ../../../../nan/nan_new.h:189:0,
                 from ../../../../nan/nan.h:82,
                 from ../ext/bson.h:17,
                 from ../ext/bson.cc:36:
../../../../nan/nan_implementation_12_inl.h:257:21: note: template<class T> v8::Local<T> NanNew(const v8::Persistent<T, v8::NonCopyablePersistentTraits<T> >&)
 inline v8::Local<T> NanNew(v8::Persistent<T> const& p) {
                     ^
../../../../nan/nan_implementation_12_inl.h:257:21: note:   template argument deduction/substitution failed:
In file included from ../ext/bson.h:17:0,
                 from ../ext/bson.cc:36:
../../../../nan/nan.h:424:69: note:   ‘v8::Local<v8::Boolean>’ is not derived from ‘const v8::Persistent<T, v8::NonCopyablePersistentTraits<T> >’
     return NanEscapeScope(NanNew(v8::True(v8::Isolate::GetCurrent())));
                                                                     ^
../../../../nan/nan.h:398:59: note: in definition of macro ‘NanEscapeScope’
 # define NanEscapeScope(val) scope.Escape(_NanEnsureLocal(val))
                                                           ^
In file included from ../../../../nan/nan.h:82:0,
                 from ../ext/bson.h:17,
                 from ../ext/bson.cc:36:
../../../../nan/nan_new.h:201:1: note: template<class T> typename NanIntern::Factory<T>::return_t NanNew()
 NanNew() {
 ^
../../../../nan/nan_new.h:201:1: note:   template argument deduction/substitution failed:
In file included from ../ext/bson.h:17:0,
                 from ../ext/bson.cc:36:
../../../../nan/nan.h:424:69: note:   candidate expects 0 arguments, 1 provided
     return NanEscapeScope(NanNew(v8::True(v8::Isolate::GetCurrent())));
                                                                     ^
../../../../nan/nan.h:398:59: note: in definition of macro ‘NanEscapeScope’
 # define NanEscapeScope(val) scope.Escape(_NanEnsureLocal(val))
                                                           ^
In file included from ../../../../nan/nan.h:82:0,
                 from ../ext/bson.h:17,
                 from ../ext/bson.cc:36:
../../../../nan/nan_new.h:207:1: note: template<class T, class A0> typename NanIntern::Factory<T>::return_t NanNew(A0)
 NanNew(A0 arg0) {
 ^
../../../../nan/nan_new.h:207:1: note:   template argument deduction/substitution failed:
In file included from ../ext/bson.h:17:0,
                 from ../ext/bson.cc:36:
../../../../nan/nan.h:424:69: note:   couldn't deduce template parameter ‘T’
     return NanEscapeScope(NanNew(v8::True(v8::Isolate::GetCurrent())));
                                                                     ^
../../../../nan/nan.h:398:59: note: in definition of macro ‘NanEscapeScope’
 # define NanEscapeScope(val) scope.Escape(_NanEnsureLocal(val))
                                                           ^
In file included from ../../../../nan/nan.h:82:0,
                 from ../ext/bson.h:17,
                 from ../ext/bson.cc:36:
../../../../nan/nan_new.h:213:1: note: template<class T, class A0, class A1> typename NanIntern::Factory<T>::return_t NanNew(A0, A1)
 NanNew(A0 arg0, A1 arg1) {
 ^
../../../../nan/nan_new.h:213:1: note:   template argument deduction/substitution failed:
In file included from ../ext/bson.h:17:0,
                 from ../ext/bson.cc:36:
../../../../nan/nan.h:424:69: note:   candidate expects 2 arguments, 1 provided
     return NanEscapeScope(NanNew(v8::True(v8::Isolate::GetCurrent())));
                                                                     ^
../../../../nan/nan.h:398:59: note: in definition of macro ‘NanEscapeScope’
 # define NanEscapeScope(val) scope.Escape(_NanEnsureLocal(val))
                                                           ^
In file included from ../../../../nan/nan.h:82:0,
                 from ../ext/bson.h:17,
                 from ../ext/bson.cc:36:
../../../../nan/nan_new.h:219:1: note: template<class T, class A0, class A1, class A2> typename NanIntern::Factory<T>::return_t NanNew(A0, A1, A2)
 NanNew(A0 arg0, A1 arg1, A2 arg2) {
 ^
../../../../nan/nan_new.h:219:1: note:   template argument deduction/substitution failed:
In file included from ../ext/bson.h:17:0,
                 from ../ext/bson.cc:36:
../../../../nan/nan.h:424:69: note:   candidate expects 3 arguments, 1 provided
     return NanEscapeScope(NanNew(v8::True(v8::Isolate::GetCurrent())));
                                                                     ^
../../../../nan/nan.h:398:59: note: in definition of macro ‘NanEscapeScope’
 # define NanEscapeScope(val) scope.Escape(_NanEnsureLocal(val))
                                                           ^
In file included from ../../../../nan/nan.h:82:0,
                 from ../ext/bson.h:17,
                 from ../ext/bson.cc:36:
../../../../nan/nan_new.h:225:1: note: template<class T, class A0, class A1, class A2, class A3> typename NanIntern::Factory<T>::return_t NanNew(A0, A1, A2, A3)
 NanNew(A0 arg0, A1 arg1, A2 arg2, A3 arg3) {
 ^
../../../../nan/nan_new.h:225:1: note:   template argument deduction/substitution failed:
In file included from ../ext/bson.h:17:0,
                 from ../ext/bson.cc:36:
../../../../nan/nan.h:424:69: note:   candidate expects 4 arguments, 1 provided
     return NanEscapeScope(NanNew(v8::True(v8::Isolate::GetCurrent())));
                                                                     ^
../../../../nan/nan.h:398:59: note: in definition of macro ‘NanEscapeScope’
 # define NanEscapeScope(val) scope.Escape(_NanEnsureLocal(val))
                                                           ^
In file included from ../../../../nan/nan.h:82:0,
                 from ../ext/bson.h:17,
                 from ../ext/bson.cc:36:
../../../../nan/nan_new.h:237:1: note: template<class T> typename NanIntern::Factory<T>::return_t NanNew(NanFunctionCallback, int)
 NanNew( NanFunctionCallback callback
 ^
../../../../nan/nan_new.h:237:1: note:   template argument deduction/substitution failed:
In file included from ../ext/bson.h:17:0,
                 from ../ext/bson.cc:36:
../../../../nan/nan.h:424:69: note:   cannot convert ‘v8::True(v8::Isolate::GetCurrent())’ (type ‘v8::Local<v8::Boolean>’) to type ‘NanFunctionCallback {aka void (*)(const v8::FunctionCallbackInfo<v8::Value>&)}’
     return NanEscapeScope(NanNew(v8::True(v8::Isolate::GetCurrent())));
                                                                     ^
../../../../nan/nan.h:398:59: note: in definition of macro ‘NanEscapeScope’
 # define NanEscapeScope(val) scope.Escape(_NanEnsureLocal(val))
                                                           ^
In file included from ../../../../nan/nan.h:82:0,
                 from ../ext/bson.h:17,
                 from ../ext/bson.cc:36:
../../../../nan/nan_new.h:245:1: note: template<class T, class A2> typename NanIntern::Factory<T>::return_t NanNew(NanFunctionCallback, int)
 NanNew( NanFunctionCallback callback
 ^
../../../../nan/nan_new.h:245:1: note:   template argument deduction/substitution failed:
In file included from ../ext/bson.h:17:0,
                 from ../ext/bson.cc:36:
../../../../nan/nan.h:424:69: note:   cannot convert ‘v8::True(v8::Isolate::GetCurrent())’ (type ‘v8::Local<v8::Boolean>’) to type ‘NanFunctionCallback {aka void (*)(const v8::FunctionCallbackInfo<v8::Value>&)}’
     return NanEscapeScope(NanNew(v8::True(v8::Isolate::GetCurrent())));
                                                                     ^
../../../../nan/nan.h:398:59: note: in definition of macro ‘NanEscapeScope’
 # define NanEscapeScope(val) scope.Escape(_NanEnsureLocal(val))
                                                           ^
In file included from ../../../../nan/nan.h:82:0,
                 from ../ext/bson.h:17,
                 from ../ext/bson.cc:36:
../../../../nan/nan_new.h:258:1: note: NanIntern::FactoryBase<v8::Boolean>::return_t NanNew(bool)
 NanNew(bool value) {
 ^
../../../../nan/nan_new.h:258:1: note:   no known conversion for argument 1 from ‘v8::Local<v8::Boolean>’ to ‘bool’
../../../../nan/nan_new.h:264:1: note: NanIntern::IntegerFactory<v8::Int32>::return_t NanNew(int32_t)
 NanNew(int32_t value) {
 ^
../../../../nan/nan_new.h:264:1: note:   no known conversion for argument 1 from ‘v8::Local<v8::Boolean>’ to ‘int32_t {aka int}’
../../../../nan/nan_new.h:270:1: note: NanIntern::FactoryBase<v8::Uint32>::return_t NanNew(uint32_t)
 NanNew(uint32_t value) {
 ^
../../../../nan/nan_new.h:270:1: note:   no known conversion for argument 1 from ‘v8::Local<v8::Boolean>’ to ‘uint32_t {aka unsigned int}’
../../../../nan/nan_new.h:276:1: note: NanIntern::FactoryBase<v8::Number>::return_t NanNew(double)
 NanNew(double value) {
 ^
../../../../nan/nan_new.h:276:1: note:   no known conversion for argument 1 from ‘v8::Local<v8::Boolean>’ to ‘double’
../../../../nan/nan_new.h:282:1: note: NanIntern::FactoryBase<v8::String>::return_t NanNew(const string&)
 NanNew(std::string const& value) {
 ^
../../../../nan/nan_new.h:282:1: note:   no known conversion for argument 1 from ‘v8::Local<v8::Boolean>’ to ‘const string& {aka const std::basic_string<char>&}’
../../../../nan/nan_new.h:288:1: note: NanIntern::FactoryBase<v8::String>::return_t NanNew(const char*, int)
 NanNew(const char * value, int length) {
 ^
../../../../nan/nan_new.h:288:1: note:   candidate expects 2 arguments, 1 provided
../../../../nan/nan_new.h:294:1: note: NanIntern::FactoryBase<v8::String>::return_t NanNew(const char*)
 NanNew(const char * value) {
 ^
../../../../nan/nan_new.h:294:1: note:   no known conversion for argument 1 from ‘v8::Local<v8::Boolean>’ to ‘const char*’
../../../../nan/nan_new.h:300:1: note: NanIntern::FactoryBase<v8::String>::return_t NanNew(const uint8_t*)
 NanNew(const uint8_t * value) {
 ^
../../../../nan/nan_new.h:300:1: note:   no known conversion for argument 1 from ‘v8::Local<v8::Boolean>’ to ‘const uint8_t* {aka const unsigned char*}’
../../../../nan/nan_new.h:306:1: note: NanIntern::FactoryBase<v8::String>::return_t NanNew(const uint16_t*)
 NanNew(const uint16_t * value) {
 ^
../../../../nan/nan_new.h:306:1: note:   no known conversion for argument 1 from ‘v8::Local<v8::Boolean>’ to ‘const uint16_t* {aka const short unsigned int*}’
../../../../nan/nan_new.h:312:1: note: NanIntern::FactoryBase<v8::String>::return_t NanNew(v8::String::ExternalStringResource*)
 NanNew(v8::String::ExternalStringResource * value) {
 ^
../../../../nan/nan_new.h:312:1: note:   no known conversion for argument 1 from ‘v8::Local<v8::Boolean>’ to ‘v8::String::ExternalStringResource*’
../../../../nan/nan_new.h:318:1: note: NanIntern::FactoryBase<v8::String>::return_t NanNew(NanExternalOneByteStringResource*)
 NanNew(NanExternalOneByteStringResource * value) {
 ^
../../../../nan/nan_new.h:318:1: note:   no known conversion for argument 1 from ‘v8::Local<v8::Boolean>’ to ‘NanExternalOneByteStringResource* {aka v8::String::ExternalOneByteStringResource*}’
In file included from ../ext/bson.h:17:0,
                 from ../ext/bson.cc:36:
../../../../nan/nan.h: In function ‘v8::Local<v8::Boolean> NanFalse()’:
../../../../nan/nan.h:429:70: error: no matching function for call to ‘NanNew(v8::Local<v8::Boolean>)’
     return NanEscapeScope(NanNew(v8::False(v8::Isolate::GetCurrent())));
                                                                      ^
../../../../nan/nan.h:398:59: note: in definition of macro ‘NanEscapeScope’
 # define NanEscapeScope(val) scope.Escape(_NanEnsureLocal(val))
                                                           ^
../../../../nan/nan.h:429:70: note: candidates are:
     return NanEscapeScope(NanNew(v8::False(v8::Isolate::GetCurrent())));
                                                                      ^
../../../../nan/nan.h:398:59: note: in definition of macro ‘NanEscapeScope’
 # define NanEscapeScope(val) scope.Escape(_NanEnsureLocal(val))
                                                           ^
In file included from ../../../../nan/nan_new.h:189:0,
                 from ../../../../nan/nan.h:82,
                 from ../ext/bson.h:17,
                 from ../ext/bson.cc:36:
../../../../nan/nan_implementation_12_inl.h:257:21: note: template<class T> v8::Local<T> NanNew(const v8::Persistent<T, v8::NonCopyablePersistentTraits<T> >&)
 inline v8::Local<T> NanNew(v8::Persistent<T> const& p) {
                     ^
../../../../nan/nan_implementation_12_inl.h:257:21: note:   template argument deduction/substitution failed:
In file included from ../ext/bson.h:17:0,
                 from ../ext/bson.cc:36:
../../../../nan/nan.h:429:70: note:   ‘v8::Local<v8::Boolean>’ is not derived from ‘const v8::Persistent<T, v8::NonCopyablePersistentTraits<T> >’
     return NanEscapeScope(NanNew(v8::False(v8::Isolate::GetCurrent())));
                                                                      ^
../../../../nan/nan.h:398:59: note: in definition of macro ‘NanEscapeScope’
 # define NanEscapeScope(val) scope.Escape(_NanEnsureLocal(val))
                                                           ^
In file included from ../../../../nan/nan.h:82:0,
                 from ../ext/bson.h:17,
                 from ../ext/bson.cc:36:
../../../../nan/nan_new.h:201:1: note: template<class T> typename NanIntern::Factory<T>::return_t NanNew()
 NanNew() {
 ^
../../../../nan/nan_new.h:201:1: note:   template argument deduction/substitution failed:
In file included from ../ext/bson.h:17:0,
                 from ../ext/bson.cc:36:
../../../../nan/nan.h:429:70: note:   candidate expects 0 arguments, 1 provided
     return NanEscapeScope(NanNew(v8::False(v8::Isolate::GetCurrent())));
                                                                      ^
../../../../nan/nan.h:398:59: note: in definition of macro ‘NanEscapeScope’
 # define NanEscapeScope(val) scope.Escape(_NanEnsureLocal(val))
                                                           ^
In file included from ../../../../nan/nan.h:82:0,
                 from ../ext/bson.h:17,
                 from ../ext/bson.cc:36:
../../../../nan/nan_new.h:207:1: note: template<class T, class A0> typename NanIntern::Factory<T>::return_t NanNew(A0)
 NanNew(A0 arg0) {
 ^
../../../../nan/nan_new.h:207:1: note:   template argument deduction/substitution failed:
In file included from ../ext/bson.h:17:0,
                 from ../ext/bson.cc:36:
../../../../nan/nan.h:429:70: note:   couldn't deduce template parameter ‘T’
     return NanEscapeScope(NanNew(v8::False(v8::Isolate::GetCurrent())));
                                                                      ^
../../../../nan/nan.h:398:59: note: in definition of macro ‘NanEscapeScope’
 # define NanEscapeScope(val) scope.Escape(_NanEnsureLocal(val))
                                                           ^
In file included from ../../../../nan/nan.h:82:0,
                 from ../ext/bson.h:17,
                 from ../ext/bson.cc:36:
../../../../nan/nan_new.h:213:1: note: template<class T, class A0, class A1> typename NanIntern::Factory<T>::return_t NanNew(A0, A1)
 NanNew(A0 arg0, A1 arg1) {
 ^
../../../../nan/nan_new.h:213:1: note:   template argument deduction/substitution failed:
In file included from ../ext/bson.h:17:0,
                 from ../ext/bson.cc:36:
../../../../nan/nan.h:429:70: note:   candidate expects 2 arguments, 1 provided
     return NanEscapeScope(NanNew(v8::False(v8::Isolate::GetCurrent())));
                                                                      ^
../../../../nan/nan.h:398:59: note: in definition of macro ‘NanEscapeScope’
 # define NanEscapeScope(val) scope.Escape(_NanEnsureLocal(val))
                                                           ^
In file included from ../../../../nan/nan.h:82:0,
                 from ../ext/bson.h:17,
                 from ../ext/bson.cc:36:
../../../../nan/nan_new.h:219:1: note: template<class T, class A0, class A1, class A2> typename NanIntern::Factory<T>::return_t NanNew(A0, A1, A2)
 NanNew(A0 arg0, A1 arg1, A2 arg2) {
 ^
../../../../nan/nan_new.h:219:1: note:   template argument deduction/substitution failed:
In file included from ../ext/bson.h:17:0,
                 from ../ext/bson.cc:36:
../../../../nan/nan.h:429:70: note:   candidate expects 3 arguments, 1 provided
     return NanEscapeScope(NanNew(v8::False(v8::Isolate::GetCurrent())));
                                                                      ^
../../../../nan/nan.h:398:59: note: in definition of macro ‘NanEscapeScope’
 # define NanEscapeScope(val) scope.Escape(_NanEnsureLocal(val))
                                                           ^
In file included from ../../../../nan/nan.h:82:0,
                 from ../ext/bson.h:17,
                 from ../ext/bson.cc:36:
../../../../nan/nan_new.h:225:1: note: template<class T, class A0, class A1, class A2, class A3> typename NanIntern::Factory<T>::return_t NanNew(A0, A1, A2, A3)
 NanNew(A0 arg0, A1 arg1, A2 arg2, A3 arg3) {
 ^
../../../../nan/nan_new.h:225:1: note:   template argument deduction/substitution failed:
In file included from ../ext/bson.h:17:0,
                 from ../ext/bson.cc:36:
../../../../nan/nan.h:429:70: note:   candidate expects 4 arguments, 1 provided
     return NanEscapeScope(NanNew(v8::False(v8::Isolate::GetCurrent())));
                                                                      ^
../../../../nan/nan.h:398:59: note: in definition of macro ‘NanEscapeScope’
 # define NanEscapeScope(val) scope.Escape(_NanEnsureLocal(val))
                                                           ^
In file included from ../../../../nan/nan.h:82:0,
                 from ../ext/bson.h:17,
                 from ../ext/bson.cc:36:
../../../../nan/nan_new.h:237:1: note: template<class T> typename NanIntern::Factory<T>::return_t NanNew(NanFunctionCallback, int)
 NanNew( NanFunctionCallback callback
 ^
../../../../nan/nan_new.h:237:1: note:   template argument deduction/substitution failed:
In file included from ../ext/bson.h:17:0,
                 from ../ext/bson.cc:36:
../../../../nan/nan.h:429:70: note:   cannot convert ‘v8::False(v8::Isolate::GetCurrent())’ (type ‘v8::Local<v8::Boolean>’) to type ‘NanFunctionCallback {aka void (*)(const v8::FunctionCallbackInfo<v8::Value>&)}’
     return NanEscapeScope(NanNew(v8::False(v8::Isolate::GetCurrent())));
                                                                      ^
../../../../nan/nan.h:398:59: note: in definition of macro ‘NanEscapeScope’
 # define NanEscapeScope(val) scope.Escape(_NanEnsureLocal(val))
                                                           ^
In file included from ../../../../nan/nan.h:82:0,
                 from ../ext/bson.h:17,
                 from ../ext/bson.cc:36:
../../../../nan/nan_new.h:245:1: note: template<class T, class A2> typename NanIntern::Factory<T>::return_t NanNew(NanFunctionCallback, int)
 NanNew( NanFunctionCallback callback
 ^
../../../../nan/nan_new.h:245:1: note:   template argument deduction/substitution failed:
In file included from ../ext/bson.h:17:0,
                 from ../ext/bson.cc:36:
../../../../nan/nan.h:429:70: note:   cannot convert ‘v8::False(v8::Isolate::GetCurrent())’ (type ‘v8::Local<v8::Boolean>’) to type ‘NanFunctionCallback {aka void (*)(const v8::FunctionCallbackInfo<v8::Value>&)}’
     return NanEscapeScope(NanNew(v8::False(v8::Isolate::GetCurrent())));
                                                                      ^
../../../../nan/nan.h:398:59: note: in definition of macro ‘NanEscapeScope’
 # define NanEscapeScope(val) scope.Escape(_NanEnsureLocal(val))
                                                           ^
In file included from ../../../../nan/nan.h:82:0,
                 from ../ext/bson.h:17,
                 from ../ext/bson.cc:36:
../../../../nan/nan_new.h:258:1: note: NanIntern::FactoryBase<v8::Boolean>::return_t NanNew(bool)
 NanNew(bool value) {
 ^
../../../../nan/nan_new.h:258:1: note:   no known conversion for argument 1 from ‘v8::Local<v8::Boolean>’ to ‘bool’
../../../../nan/nan_new.h:264:1: note: NanIntern::IntegerFactory<v8::Int32>::return_t NanNew(int32_t)
 NanNew(int32_t value) {
 ^
../../../../nan/nan_new.h:264:1: note:   no known conversion for argument 1 from ‘v8::Local<v8::Boolean>’ to ‘int32_t {aka int}’
../../../../nan/nan_new.h:270:1: note: NanIntern::FactoryBase<v8::Uint32>::return_t NanNew(uint32_t)
 NanNew(uint32_t value) {
 ^
../../../../nan/nan_new.h:270:1: note:   no known conversion for argument 1 from ‘v8::Local<v8::Boolean>’ to ‘uint32_t {aka unsigned int}’
../../../../nan/nan_new.h:276:1: note: NanIntern::FactoryBase<v8::Number>::return_t NanNew(double)
 NanNew(double value) {
 ^
../../../../nan/nan_new.h:276:1: note:   no known conversion for argument 1 from ‘v8::Local<v8::Boolean>’ to ‘double’
../../../../nan/nan_new.h:282:1: note: NanIntern::FactoryBase<v8::String>::return_t NanNew(const string&)
 NanNew(std::string const& value) {
 ^
../../../../nan/nan_new.h:282:1: note:   no known conversion for argument 1 from ‘v8::Local<v8::Boolean>’ to ‘const string& {aka const std::basic_string<char>&}’
../../../../nan/nan_new.h:288:1: note: NanIntern::FactoryBase<v8::String>::return_t NanNew(const char*, int)
 NanNew(const char * value, int length) {
 ^
../../../../nan/nan_new.h:288:1: note:   candidate expects 2 arguments, 1 provided
../../../../nan/nan_new.h:294:1: note: NanIntern::FactoryBase<v8::String>::return_t NanNew(const char*)
 NanNew(const char * value) {
 ^
../../../../nan/nan_new.h:294:1: note:   no known conversion for argument 1 from ‘v8::Local<v8::Boolean>’ to ‘const char*’
../../../../nan/nan_new.h:300:1: note: NanIntern::FactoryBase<v8::String>::return_t NanNew(const uint8_t*)
 NanNew(const uint8_t * value) {
 ^
../../../../nan/nan_new.h:300:1: note:   no known conversion for argument 1 from ‘v8::Local<v8::Boolean>’ to ‘const uint8_t* {aka const unsigned char*}’
../../../../nan/nan_new.h:306:1: note: NanIntern::FactoryBase<v8::String>::return_t NanNew(const uint16_t*)
 NanNew(const uint16_t * value) {
 ^
../../../../nan/nan_new.h:306:1: note:   no known conversion for argument 1 from ‘v8::Local<v8::Boolean>’ to ‘const uint16_t* {aka const short unsigned int*}’
../../../../nan/nan_new.h:312:1: note: NanIntern::FactoryBase<v8::String>::return_t NanNew(v8::String::ExternalStringResource*)
 NanNew(v8::String::ExternalStringResource * value) {
 ^
../../../../nan/nan_new.h:312:1: note:   no known conversion for argument 1 from ‘v8::Local<v8::Boolean>’ to ‘v8::String::ExternalStringResource*’
../../../../nan/nan_new.h:318:1: note: NanIntern::FactoryBase<v8::String>::return_t NanNew(NanExternalOneByteStringResource*)
 NanNew(NanExternalOneByteStringResource * value) {
 ^
../../../../nan/nan_new.h:318:1: note:   no known conversion for argument 1 from ‘v8::Local<v8::Boolean>’ to ‘NanExternalOneByteStringResource* {aka v8::String::ExternalOneByteStringResource*}’
In file included from ../ext/bson.h:17:0,
                 from ../ext/bson.cc:36:
../../../../nan/nan.h: At global scope:
../../../../nan/nan.h:438:11: error: variable or field ‘NanSetTemplate’ declared void
       v8::Handle<v8::Template> templ
           ^
../../../../nan/nan.h:438:7: error: ‘Handle’ is not a member of ‘v8’
       v8::Handle<v8::Template> templ
       ^
../../../../nan/nan.h:438:30: error: expected primary-expression before ‘>’ token
       v8::Handle<v8::Template> templ
                              ^
../../../../nan/nan.h:438:32: error: ‘templ’ was not declared in this scope
       v8::Handle<v8::Template> templ
                                ^
../../../../nan/nan.h:439:7: error: expected primary-expression before ‘const’
     , const char *name
       ^
../../../../nan/nan.h:440:7: error: ‘Handle’ is not a member of ‘v8’
     , v8::Handle<v8::Data> value) {
       ^
../../../../nan/nan.h:440:26: error: expected primary-expression before ‘>’ token
     , v8::Handle<v8::Data> value) {
                          ^
../../../../nan/nan.h:440:28: error: ‘value’ was not declared in this scope
     , v8::Handle<v8::Data> value) {
                            ^
../../../../nan/nan.h:445:11: error: variable or field ‘NanSetTemplate’ declared void
       v8::Handle<v8::Template> templ
           ^
../../../../nan/nan.h:445:7: error: ‘Handle’ is not a member of ‘v8’
       v8::Handle<v8::Template> templ
       ^
../../../../nan/nan.h:445:30: error: expected primary-expression before ‘>’ token
       v8::Handle<v8::Template> templ
                              ^
../../../../nan/nan.h:445:32: error: ‘templ’ was not declared in this scope
       v8::Handle<v8::Template> templ
                                ^
../../../../nan/nan.h:446:7: error: ‘Handle’ is not a member of ‘v8’
     , v8::Handle<v8::String> name
       ^
../../../../nan/nan.h:446:28: error: expected primary-expression before ‘>’ token
     , v8::Handle<v8::String> name
                            ^
../../../../nan/nan.h:446:30: error: ‘name’ was not declared in this scope
     , v8::Handle<v8::String> name
                              ^
../../../../nan/nan.h:447:7: error: ‘Handle’ is not a member of ‘v8’
     , v8::Handle<v8::Data> value
       ^
../../../../nan/nan.h:447:26: error: expected primary-expression before ‘>’ token
     , v8::Handle<v8::Data> value
                          ^
../../../../nan/nan.h:447:28: error: ‘value’ was not declared in this scope
     , v8::Handle<v8::Data> value
                            ^
../../../../nan/nan.h:448:29: error: expected primary-expression before ‘attributes’
     , v8::PropertyAttribute attributes) {
                             ^
../../../../nan/nan.h:457:11: error: ‘NanGetInternalFieldPointer’ declared as an ‘inline’ variable
       v8::Handle<v8::Object> object
           ^
../../../../nan/nan.h:457:11: warning: ‘always_inline’ attribute ignored [-Wattributes]
../../../../nan/nan.h:457:7: error: ‘Handle’ is not a member of ‘v8’
       v8::Handle<v8::Object> object
       ^
../../../../nan/nan.h:457:28: error: expected primary-expression before ‘>’ token
       v8::Handle<v8::Object> object
                            ^
../../../../nan/nan.h:457:30: error: ‘object’ was not declared in this scope
       v8::Handle<v8::Object> object
                              ^
../../../../nan/nan.h:458:7: error: expected primary-expression before ‘int’
     , int index) {
       ^
../../../../nan/nan.h:458:16: error: expression list treated as compound expression in initializer [-fpermissive]
     , int index) {
                ^
../../../../nan/nan.h:458:18: error: expected ‘,’ or ‘;’ before ‘{’ token
     , int index) {
                  ^
../../../../nan/nan.h:463:11: error: variable or field ‘NanSetInternalFieldPointer’ declared void
       v8::Handle<v8::Object> object
           ^
../../../../nan/nan.h:463:7: error: ‘Handle’ is not a member of ‘v8’
       v8::Handle<v8::Object> object
       ^
../../../../nan/nan.h:463:28: error: expected primary-expression before ‘>’ token
       v8::Handle<v8::Object> object
                            ^
../../../../nan/nan.h:463:30: error: ‘object’ was not declared in this scope
       v8::Handle<v8::Object> object
                              ^
../../../../nan/nan.h:464:7: error: expected primary-expression before ‘int’
     , int index
       ^
../../../../nan/nan.h:465:7: error: expected primary-expression before ‘void’
     , void* value) {
       ^
../../../../nan/nan.h:473:20: error: variable or field ‘NanAddGCEpilogueCallback’ declared void
       v8::Isolate::GCEpilogueCallback callback
                    ^
../../../../nan/nan.h:473:7: error: ‘GCEpilogueCallback’ is not a member of ‘v8::Isolate’
       v8::Isolate::GCEpilogueCallback callback
       ^
../../../../nan/nan.h:474:18: error: expected primary-expression before ‘gc_type_filter’
     , v8::GCType gc_type_filter = v8::kGCTypeAll) {
                  ^
../../../../nan/nan.h:479:20: error: variable or field ‘NanRemoveGCEpilogueCallback’ declared void
       v8::Isolate::GCEpilogueCallback callback) {
                    ^
../../../../nan/nan.h:479:7: error: ‘GCEpilogueCallback’ is not a member of ‘v8::Isolate’
       v8::Isolate::GCEpilogueCallback callback) {
       ^
../../../../nan/nan.h:484:20: error: variable or field ‘NanAddGCPrologueCallback’ declared void
       v8::Isolate::GCPrologueCallback callback
                    ^
../../../../nan/nan.h:484:7: error: ‘GCPrologueCallback’ is not a member of ‘v8::Isolate’
       v8::Isolate::GCPrologueCallback callback
       ^
../../../../nan/nan.h:485:18: error: expected primary-expression before ‘gc_type_filter’
     , v8::GCType gc_type_filter = v8::kGCTypeAll) {
                  ^
../../../../nan/nan.h:490:20: error: variable or field ‘NanRemoveGCPrologueCallback’ declared void
       v8::Isolate::GCPrologueCallback callback) {
                    ^
../../../../nan/nan.h:490:7: error: ‘GCPrologueCallback’ is not a member of ‘v8::Isolate’
       v8::Isolate::GCPrologueCallback callback) {
       ^
../../../../nan/nan.h:507:11: error: ‘v8::Handle’ has not been declared
     , v8::Handle<T> obj) {
           ^
../../../../nan/nan.h:507:17: error: expected ‘,’ or ‘...’ before ‘<’ token
     , v8::Handle<T> obj) {
                 ^
../../../../nan/nan.h: In function ‘void NanAssignPersistent(v8::Persistent<T, v8::NonCopyablePersistentTraits<T> >&, int)’:
../../../../nan/nan.h:508:47: error: ‘obj’ was not declared in this scope
       handle.Reset(v8::Isolate::GetCurrent(), obj);
                                               ^
../../../../nan/nan.h: At global scope:
../../../../nan/nan.h:524:47: error: expected ‘)’ before ‘<’ token
     NAN_INLINE _NanWeakCallbackInfo(v8::Handle<T> handle, P* param, Callback cb)
                                               ^
../../../../nan/nan.h:569:11: error: ‘WeakCallbackData’ in namespace ‘v8’ does not name a type
     const v8::WeakCallbackData<T, _NanWeakCallbackInfo<T, P> > &data) {
           ^
../../../../nan/nan.h:569:15: error: ISO C++ forbids declaration of ‘parameter’ with no type [-fpermissive]
     const v8::WeakCallbackData<T, _NanWeakCallbackInfo<T, P> > &data) {
               ^
../../../../nan/nan.h:569:31: error: expected ‘,’ or ‘...’ before ‘<’ token
     const v8::WeakCallbackData<T, _NanWeakCallbackInfo<T, P> > &data) {
                               ^
../../../../nan/nan.h: In function ‘void _NanWeakCallbackDispatcher(int)’:
../../../../nan/nan.h:570:42: error: ‘data’ was not declared in this scope
       _NanWeakCallbackInfo<T, P> *info = data.GetParameter();
                                          ^
../../../../nan/nan.h: At global scope:
../../../../nan/nan.h:585:9: error: ‘NanMakeWeakPersistent’ declared as an ‘inline’ variable
     v8::Handle<T> handle
         ^
../../../../nan/nan.h:585:9: warning: ‘always_inline’ attribute ignored [-Wattributes]
../../../../nan/nan.h:585:9: error: template declaration of ‘_NanWeakCallbackInfo<T, P>* NanMakeWeakPersistent’
../../../../nan/nan.h:585:5: error: ‘Handle’ is not a member of ‘v8’
     v8::Handle<T> handle
     ^
../../../../nan/nan.h:585:17: error: expected primary-expression before ‘>’ token
     v8::Handle<T> handle
                 ^
../../../../nan/nan.h:585:19: error: ‘handle’ was not declared in this scope
     v8::Handle<T> handle
                   ^
../../../../nan/nan.h:586:6: error: expected primary-expression before ‘*’ token
   , P* parameter
      ^
../../../../nan/nan.h:586:8: error: ‘parameter’ was not declared in this scope
   , P* parameter
        ^
../../../../nan/nan.h:587:51: error: expected ‘(’ before ‘callback’
   , typename _NanWeakCallbackInfo<T, P>::Callback callback) {
                                                   ^
../../../../nan/nan.h:614:37: error: variable or field ‘NanThrowError’ declared void
   NAN_INLINE void NanThrowError(v8::Handle<v8::Value> error) {
                                     ^
../../../../nan/nan.h:614:33: error: ‘Handle’ is not a member of ‘v8’
   NAN_INLINE void NanThrowError(v8::Handle<v8::Value> error) {
                                 ^
../../../../nan/nan.h:614:53: error: expected primary-expression before ‘>’ token
   NAN_INLINE void NanThrowError(v8::Handle<v8::Value> error) {
                                                     ^
../../../../nan/nan.h:614:55: error: ‘error’ was not declared in this scope
   NAN_INLINE void NanThrowError(v8::Handle<v8::Value> error) {
                                                       ^
../../../../nan/nan.h: In function ‘v8::Local<v8::Value> NanError(const char*, int)’:
../../../../nan/nan.h:625:74: error: no matching function for call to ‘v8::Object::Set(NanIntern::FactoryBase<v8::String>::return_t, NanIntern::IntegerFactory<v8::Integer>::return_t)’
     obj->Set(NanNew<v8::String>("code"), NanNew<v8::Integer>(errorNumber));
                                                                          ^
../../../../nan/nan.h:625:74: note: candidates are:
In file included from ../ext/bson.cc:14:0:
/home/stephen/.cache/node-gyp/13.9.0/include/node/v8.h:3547:37: note: v8::Maybe<bool> v8::Object::Set(v8::Local<v8::Context>, v8::Local<v8::Value>, v8::Local<v8::Value>)
   V8_WARN_UNUSED_RESULT Maybe<bool> Set(Local<Context> context,
                                     ^
/home/stephen/.cache/node-gyp/13.9.0/include/node/v8.h:3547:37: note:   candidate expects 3 arguments, 2 provided
/home/stephen/.cache/node-gyp/13.9.0/include/node/v8.h:3550:37: note: v8::Maybe<bool> v8::Object::Set(v8::Local<v8::Context>, uint32_t, v8::Local<v8::Value>)
   V8_WARN_UNUSED_RESULT Maybe<bool> Set(Local<Context> context, uint32_t index,
                                     ^
/home/stephen/.cache/node-gyp/13.9.0/include/node/v8.h:3550:37: note:   candidate expects 3 arguments, 2 provided
In file included from ../ext/bson.h:17:0,
                 from ../ext/bson.cc:36:
../../../../nan/nan.h: In function ‘void NanThrowError(const char*, int)’:
../../../../nan/nan.h:633:45: error: no matching function for call to ‘NanThrowError(v8::Local<v8::Value>)’
     NanThrowError(NanError(msg, errorNumber));
                                             ^
../../../../nan/nan.h:633:45: note: candidates are:
../../../../nan/nan.h:610:19: note: void NanThrowError(const char*)
   NAN_INLINE void NanThrowError(const char* errmsg) {
                   ^
../../../../nan/nan.h:610:19: note:   no known conversion for argument 1 from ‘v8::Local<v8::Value>’ to ‘const char*’
../../../../nan/nan.h:629:19: note: void NanThrowError(const char*, int)
   NAN_INLINE void NanThrowError(
                   ^
../../../../nan/nan.h:629:19: note:   candidate expects 2 arguments, 1 provided
../../../../nan/nan.h: At global scope:
../../../../nan/nan.h:661:13: error: ‘node::smalloc’ has not been declared
     , node::smalloc::FreeCallback callback
             ^
../../../../nan/nan.h:661:35: error: expected ‘,’ or ‘...’ before ‘callback’
     , node::smalloc::FreeCallback callback
                                   ^
../../../../nan/nan.h: In function ‘v8::Local<v8::Object> NanNewBufferHandle(char*, size_t, int)’:
../../../../nan/nan.h:665:50: error: ‘callback’ was not declared in this scope
         v8::Isolate::GetCurrent(), data, length, callback, hint);
                                                  ^
../../../../nan/nan.h:665:60: error: ‘hint’ was not declared in this scope
         v8::Isolate::GetCurrent(), data, length, callback, hint);
                                                            ^
../../../../nan/nan.h: In function ‘v8::Local<v8::Object> NanNewBufferHandle(const char*, uint32_t)’:
../../../../nan/nan.h:672:67: error: invalid conversion from ‘const char*’ to ‘char*’ [-fpermissive]
     return node::Buffer::New(v8::Isolate::GetCurrent(), data, size);
                                                                   ^
In file included from ../ext/bson.cc:24:0:
/home/stephen/.cache/node-gyp/13.9.0/include/node/node_buffer.h:64:40: error:   initializing argument 2 of ‘v8::MaybeLocal<v8::Object> node::Buffer::New(v8::Isolate*, char*, size_t)’ [-fpermissive]
 NODE_EXTERN v8::MaybeLocal<v8::Object> New(v8::Isolate* isolate,
                                        ^
In file included from ../ext/bson.h:17:0,
                 from ../ext/bson.cc:36:
../../../../nan/nan.h:672:67: error: could not convert ‘node::Buffer::New(v8::Isolate::GetCurrent(), ((char*)data), ((size_t)size))’ from ‘v8::MaybeLocal<v8::Object>’ to ‘v8::Local<v8::Object>’
     return node::Buffer::New(v8::Isolate::GetCurrent(), data, size);
                                                                   ^
../../../../nan/nan.h: In function ‘v8::Local<v8::Object> NanNewBufferHandle(uint32_t)’:
../../../../nan/nan.h:676:61: error: could not convert ‘node::Buffer::New(v8::Isolate::GetCurrent(), ((size_t)size))’ from ‘v8::MaybeLocal<v8::Object>’ to ‘v8::Local<v8::Object>’
     return node::Buffer::New(v8::Isolate::GetCurrent(), size);
                                                             ^
../../../../nan/nan.h: In function ‘v8::Local<v8::Object> NanBufferUse(char*, uint32_t)’:
../../../../nan/nan.h:683:12: error: ‘Use’ is not a member of ‘node::Buffer’
     return node::Buffer::Use(v8::Isolate::GetCurrent(), data, size);
            ^
../../../../nan/nan.h: At global scope:
../../../../nan/nan.h:688:11: error: ‘v8::Handle’ has not been declared
     , v8::Handle<v8::Value> value
           ^
../../../../nan/nan.h:688:17: error: expected ‘,’ or ‘...’ before ‘<’ token
     , v8::Handle<v8::Value> value
                 ^
../../../../nan/nan.h: In function ‘bool NanHasInstance(const v8::Persistent<v8::FunctionTemplate>&, int)’:
../../../../nan/nan.h:690:51: error: ‘value’ was not declared in this scope
     return NanNew(function_template)->HasInstance(value);
                                                   ^
../../../../nan/nan.h: At global scope:
../../../../nan/nan.h:695:11: error: ‘v8::Handle’ has not been declared
     , v8::Handle<v8::ObjectTemplate> tmpl = v8::Handle<v8::ObjectTemplate>()
           ^
../../../../nan/nan.h:695:17: error: expected ‘,’ or ‘...’ before ‘<’ token
     , v8::Handle<v8::ObjectTemplate> tmpl = v8::Handle<v8::ObjectTemplate>()
                 ^
../../../../nan/nan.h: In function ‘v8::Local<v8::Context> NanNewContextHandle(v8::ExtensionConfiguration*, int)’:
../../../../nan/nan.h:693:52: error: default argument missing for parameter 2 of ‘v8::Local<v8::Context> NanNewContextHandle(v8::ExtensionConfiguration*, int)’
   NAN_DEPRECATED NAN_INLINE v8::Local<v8::Context> NanNewContextHandle(
                                                    ^
../../../../nan/nan.h:701:47: error: ‘tmpl’ was not declared in this scope
       , v8::Context::New(isolate, extensions, tmpl, obj)
                                               ^
../../../../nan/nan.h:701:53: error: ‘obj’ was not declared in this scope
       , v8::Context::New(isolate, extensions, tmpl, obj)
                                                     ^
../../../../nan/nan.h: In function ‘v8::Local<v8::Script> NanCompileScript(v8::Local<v8::String>, const v8::ScriptOrigin&)’:
../../../../nan/nan.h:710:74: error: no matching function for call to ‘v8::ScriptCompiler::Compile(v8::Isolate*, v8::ScriptCompiler::Source*)’
     return v8::ScriptCompiler::Compile(v8::Isolate::GetCurrent(), &source);
                                                                          ^
../../../../nan/nan.h:710:74: note: candidates are:
In file included from ../ext/bson.cc:14:0:
/home/stephen/.cache/node-gyp/13.9.0/include/node/v8.h:1843:51: note: static v8::MaybeLocal<v8::Script> v8::ScriptCompiler::Compile(v8::Local<v8::Context>, v8::ScriptCompiler::Source*, v8::ScriptCompiler::CompileOptions, v8::ScriptCompiler::NoCacheReason)
   static V8_WARN_UNUSED_RESULT MaybeLocal<Script> Compile(
                                                   ^
/home/stephen/.cache/node-gyp/13.9.0/include/node/v8.h:1843:51: note:   no known conversion for argument 1 from ‘v8::Isolate*’ to ‘v8::Local<v8::Context>’
/home/stephen/.cache/node-gyp/13.9.0/include/node/v8.h:1870:51: note: static v8::MaybeLocal<v8::Script> v8::ScriptCompiler::Compile(v8::Local<v8::Context>, v8::ScriptCompiler::StreamedSource*, v8::Local<v8::String>, const v8::ScriptOrigin&)
   static V8_WARN_UNUSED_RESULT MaybeLocal<Script> Compile(
                                                   ^
/home/stephen/.cache/node-gyp/13.9.0/include/node/v8.h:1870:51: note:   candidate expects 4 arguments, 2 provided
In file included from ../ext/bson.h:17:0,
                 from ../ext/bson.cc:36:
../../../../nan/nan.h: In function ‘v8::Local<v8::Script> NanCompileScript(v8::Local<v8::String>)’:
../../../../nan/nan.h:717:74: error: no matching function for call to ‘v8::ScriptCompiler::Compile(v8::Isolate*, v8::ScriptCompiler::Source*)’
     return v8::ScriptCompiler::Compile(v8::Isolate::GetCurrent(), &source);
                                                                          ^
../../../../nan/nan.h:717:74: note: candidates are:
In file included from ../ext/bson.cc:14:0:
/home/stephen/.cache/node-gyp/13.9.0/include/node/v8.h:1843:51: note: static v8::MaybeLocal<v8::Script> v8::ScriptCompiler::Compile(v8::Local<v8::Context>, v8::ScriptCompiler::Source*, v8::ScriptCompiler::CompileOptions, v8::ScriptCompiler::NoCacheReason)
   static V8_WARN_UNUSED_RESULT MaybeLocal<Script> Compile(
                                                   ^
/home/stephen/.cache/node-gyp/13.9.0/include/node/v8.h:1843:51: note:   no known conversion for argument 1 from ‘v8::Isolate*’ to ‘v8::Local<v8::Context>’
/home/stephen/.cache/node-gyp/13.9.0/include/node/v8.h:1870:51: note: static v8::MaybeLocal<v8::Script> v8::ScriptCompiler::Compile(v8::Local<v8::Context>, v8::ScriptCompiler::StreamedSource*, v8::Local<v8::String>, const v8::ScriptOrigin&)
   static V8_WARN_UNUSED_RESULT MaybeLocal<Script> Compile(
                                                   ^
/home/stephen/.cache/node-gyp/13.9.0/include/node/v8.h:1870:51: note:   candidate expects 4 arguments, 2 provided
In file included from ../ext/bson.h:17:0,
                 from ../ext/bson.cc:36:
../../../../nan/nan.h: At global scope:
../../../../nan/nan.h:721:11: error: ‘NanRunScript’ declared as an ‘inline’ variable
       v8::Handle<NanUnboundScript> script
           ^
../../../../nan/nan.h:721:11: warning: ‘always_inline’ attribute ignored [-Wattributes]
../../../../nan/nan.h:721:7: error: ‘Handle’ is not a member of ‘v8’
       v8::Handle<NanUnboundScript> script
       ^
../../../../nan/nan.h:721:34: error: expected primary-expression before ‘>’ token
       v8::Handle<NanUnboundScript> script
                                  ^
../../../../nan/nan.h:721:36: error: ‘script’ was not declared in this scope
       v8::Handle<NanUnboundScript> script
                                    ^
../../../../nan/nan.h:722:5: error: expected ‘,’ or ‘;’ before ‘{’ token
   ) {
     ^
../../../../nan/nan.h:727:11: error: ‘NanRunScript’ declared as an ‘inline’ variable
       v8::Handle<NanBoundScript> script
           ^
../../../../nan/nan.h:727:11: warning: ‘always_inline’ attribute ignored [-Wattributes]
../../../../nan/nan.h:727:11: error: redefinition of ‘v8::Local<v8::Value> NanRunScript’
../../../../nan/nan.h:720:35: error: ‘v8::Local<v8::Value> NanRunScript’ previously declared here
   NAN_INLINE v8::Local<v8::Value> NanRunScript(
                                   ^
../../../../nan/nan.h:727:7: error: ‘Handle’ is not a member of ‘v8’
       v8::Handle<NanBoundScript> script
       ^
../../../../nan/nan.h:727:32: error: expected primary-expression before ‘>’ token
       v8::Handle<NanBoundScript> script
                                ^
../../../../nan/nan.h:727:34: error: ‘script’ was not declared in this scope
       v8::Handle<NanBoundScript> script
                                  ^
../../../../nan/nan.h:733:11: error: ‘NanMakeCallback’ declared as an ‘inline’ variable
       v8::Handle<v8::Object> target
           ^
../../../../nan/nan.h:733:11: warning: ‘always_inline’ attribute ignored [-Wattributes]
../../../../nan/nan.h:733:7: error: ‘Handle’ is not a member of ‘v8’
       v8::Handle<v8::Object> target
       ^
../../../../nan/nan.h:733:28: error: expected primary-expression before ‘>’ token
       v8::Handle<v8::Object> target
                            ^
../../../../nan/nan.h:733:30: error: ‘target’ was not declared in this scope
       v8::Handle<v8::Object> target
                              ^
../../../../nan/nan.h:734:7: error: ‘Handle’ is not a member of ‘v8’
     , v8::Handle<v8::Function> func
       ^
../../../../nan/nan.h:734:30: error: expected primary-expression before ‘>’ token
     , v8::Handle<v8::Function> func
                              ^
../../../../nan/nan.h:734:32: error: ‘func’ was not declared in this scope
     , v8::Handle<v8::Function> func
                                ^
../../../../nan/nan.h:735:7: error: expected primary-expression before ‘int’
     , int argc
       ^
../../../../nan/nan.h:736:7: error: ‘Handle’ is not a member of ‘v8’
     , v8::Handle<v8::Value>* argv) {
       ^
../../../../nan/nan.h:736:27: error: expected primary-expression before ‘>’ token
     , v8::Handle<v8::Value>* argv) {
                           ^
../../../../nan/nan.h:736:30: error: ‘argv’ was not declared in this scope
     , v8::Handle<v8::Value>* argv) {
                              ^
../../../../nan/nan.h:736:36: error: expected ‘,’ or ‘;’ before ‘{’ token
     , v8::Handle<v8::Value>* argv) {
                                    ^
../../../../nan/nan.h:742:11: error: ‘NanMakeCallback’ declared as an ‘inline’ variable
       v8::Handle<v8::Object> target
           ^
../../../../nan/nan.h:742:11: warning: ‘always_inline’ attribute ignored [-Wattributes]
../../../../nan/nan.h:742:11: error: redefinition of ‘v8::Local<v8::Value> NanMakeCallback’
../../../../nan/nan.h:732:35: error: ‘v8::Local<v8::Value> NanMakeCallback’ previously declared here
   NAN_INLINE v8::Local<v8::Value> NanMakeCallback(
                                   ^
../../../../nan/nan.h:742:7: error: ‘Handle’ is not a member of ‘v8’
       v8::Handle<v8::Object> target
       ^
../../../../nan/nan.h:742:28: error: expected primary-expression before ‘>’ token
       v8::Handle<v8::Object> target
                            ^
../../../../nan/nan.h:742:30: error: ‘target’ was not declared in this scope
       v8::Handle<v8::Object> target
                              ^
../../../../nan/nan.h:743:7: error: ‘Handle’ is not a member of ‘v8’
     , v8::Handle<v8::String> symbol
       ^
../../../../nan/nan.h:743:28: error: expected primary-expression before ‘>’ token
     , v8::Handle<v8::String> symbol
                            ^
../../../../nan/nan.h:743:30: error: ‘symbol’ was not declared in this scope
     , v8::Handle<v8::String> symbol
                              ^
../../../../nan/nan.h:744:7: error: expected primary-expression before ‘int’
     , int argc
       ^
../../../../nan/nan.h:745:7: error: ‘Handle’ is not a member of ‘v8’
     , v8::Handle<v8::Value>* argv) {
       ^
../../../../nan/nan.h:745:27: error: expected primary-expression before ‘>’ token
     , v8::Handle<v8::Value>* argv) {
                           ^
../../../../nan/nan.h:745:30: error: ‘argv’ was not declared in this scope
     , v8::Handle<v8::Value>* argv) {
                              ^
../../../../nan/nan.h:751:11: error: ‘NanMakeCallback’ declared as an ‘inline’ variable
       v8::Handle<v8::Object> target
           ^
../../../../nan/nan.h:751:11: warning: ‘always_inline’ attribute ignored [-Wattributes]
../../../../nan/nan.h:751:11: error: redefinition of ‘v8::Local<v8::Value> NanMakeCallback’
../../../../nan/nan.h:732:35: error: ‘v8::Local<v8::Value> NanMakeCallback’ previously declared here
   NAN_INLINE v8::Local<v8::Value> NanMakeCallback(
                                   ^
../../../../nan/nan.h:751:7: error: ‘Handle’ is not a member of ‘v8’
       v8::Handle<v8::Object> target
       ^
../../../../nan/nan.h:751:28: error: expected primary-expression before ‘>’ token
       v8::Handle<v8::Object> target
                            ^
../../../../nan/nan.h:751:30: error: ‘target’ was not declared in this scope
       v8::Handle<v8::Object> target
                              ^
../../../../nan/nan.h:752:7: error: expected primary-expression before ‘const’
     , const char* method
       ^
../../../../nan/nan.h:753:7: error: expected primary-expression before ‘int’
     , int argc
       ^
../../../../nan/nan.h:754:7: error: ‘Handle’ is not a member of ‘v8’
     , v8::Handle<v8::Value>* argv) {
       ^
../../../../nan/nan.h:754:27: error: expected primary-expression before ‘>’ token
     , v8::Handle<v8::Value>* argv) {
                           ^
../../../../nan/nan.h:754:30: error: ‘argv’ was not declared in this scope
     , v8::Handle<v8::Value>* argv) {
                              ^
../../../../nan/nan.h:776:50: error: expected ‘)’ before ‘<’ token
     NAN_INLINE explicit NanAsciiString(v8::Handle<v8::Value> from) {
                                                  ^
../../../../nan/nan.h:810:49: error: expected ‘)’ before ‘<’ token
     NAN_INLINE explicit NanUtf8String(v8::Handle<v8::Value> from) {
                                                 ^
../../../../nan/nan.h:843:49: error: expected ‘)’ before ‘<’ token
     NAN_INLINE explicit NanUcs2String(v8::Handle<v8::Value> from) {
                                                 ^
../../../../nan/nan.h:1484:30: error: ‘Handle’ in namespace ‘v8’ does not name a type
   explicit NanCallback(const v8::Handle<v8::Function> &fn) {
                              ^
../../../../nan/nan.h:1484:34: error: ISO C++ forbids declaration of ‘parameter’ with no type [-fpermissive]
   explicit NanCallback(const v8::Handle<v8::Function> &fn) {
                                  ^
../../../../nan/nan.h:1484:40: error: expected ‘,’ or ‘...’ before ‘<’ token
   explicit NanCallback(const v8::Handle<v8::Function> &fn) {
                                        ^
../../../../nan/nan.h:1507:37: error: ‘Handle’ in namespace ‘v8’ does not name a type
   NAN_INLINE void SetFunction(const v8::Handle<v8::Function> &fn) {
                                     ^
../../../../nan/nan.h:1507:41: error: ISO C++ forbids declaration of ‘parameter’ with no type [-fpermissive]
   NAN_INLINE void SetFunction(const v8::Handle<v8::Function> &fn) {
                                         ^
../../../../nan/nan.h:1507:47: error: expected ‘,’ or ‘...’ before ‘<’ token
   NAN_INLINE void SetFunction(const v8::Handle<v8::Function> &fn) {
                                               ^
../../../../nan/nan.h:1523:14: error: ‘Handle’ in namespace ‘v8’ does not name a type
   NAN_INLINE v8::Handle<v8::Value>
              ^
../../../../nan/nan.h:1535:14: error: ‘Handle’ in namespace ‘v8’ does not name a type
   NAN_INLINE v8::Handle<v8::Value>
              ^
../../../../nan/nan.h:1550:3: error: ‘Handle’ in namespace ‘v8’ does not name a type
   v8::Handle<v8::Value> Call_(v8::Isolate *isolate
   ^
../../../../nan/nan.h: In constructor ‘NanCallback::NanCallback()’:
../../../../nan/nan.h:1481:36: error: no matching function for call to ‘NanAssignPersistent(v8::Persistent<v8::Object>&, v8::Local<v8::Object>&)’
     NanAssignPersistent(handle, obj);
                                    ^
../../../../nan/nan.h:1481:36: note: candidates are:
../../../../nan/nan.h:505:19: note: template<class T> void NanAssignPersistent(v8::Persistent<T, v8::NonCopyablePersistentTraits<T> >&, int)
   NAN_INLINE void NanAssignPersistent(
                   ^
../../../../nan/nan.h:505:19: note:   template argument deduction/substitution failed:
../../../../nan/nan.h:1481:36: note:   cannot convert ‘obj’ (type ‘v8::Local<v8::Object>’) to type ‘int’
     NanAssignPersistent(handle, obj);
                                    ^
../../../../nan/nan.h:512:19: note: template<class T> void NanAssignPersistent(v8::Persistent<T, v8::NonCopyablePersistentTraits<T> >&, const v8::Persistent<T, v8::NonCopyablePersistentTraits<T> >&)
   NAN_INLINE void NanAssignPersistent(
                   ^
../../../../nan/nan.h:512:19: note:   template argument deduction/substitution failed:
../../../../nan/nan.h:1481:36: note:   ‘v8::Local<v8::Object>’ is not derived from ‘const v8::Persistent<T, v8::NonCopyablePersistentTraits<T> >’
     NanAssignPersistent(handle, obj);
                                    ^
../../../../nan/nan.h: In constructor ‘NanCallback::NanCallback(int)’:
../../../../nan/nan.h:1487:36: error: no matching function for call to ‘NanAssignPersistent(v8::Persistent<v8::Object>&, v8::Local<v8::Object>&)’
     NanAssignPersistent(handle, obj);
                                    ^
../../../../nan/nan.h:1487:36: note: candidates are:
../../../../nan/nan.h:505:19: note: template<class T> void NanAssignPersistent(v8::Persistent<T, v8::NonCopyablePersistentTraits<T> >&, int)
   NAN_INLINE void NanAssignPersistent(
                   ^
../../../../nan/nan.h:505:19: note:   template argument deduction/substitution failed:
../../../../nan/nan.h:1487:36: note:   cannot convert ‘obj’ (type ‘v8::Local<v8::Object>’) to type ‘int’
     NanAssignPersistent(handle, obj);
                                    ^
../../../../nan/nan.h:512:19: note: template<class T> void NanAssignPersistent(v8::Persistent<T, v8::NonCopyablePersistentTraits<T> >&, const v8::Persistent<T, v8::NonCopyablePersistentTraits<T> >&)
   NAN_INLINE void NanAssignPersistent(
                   ^
../../../../nan/nan.h:512:19: note:   template argument deduction/substitution failed:
../../../../nan/nan.h:1487:36: note:   ‘v8::Local<v8::Object>’ is not derived from ‘const v8::Persistent<T, v8::NonCopyablePersistentTraits<T> >’
     NanAssignPersistent(handle, obj);
                                    ^
../../../../nan/nan.h:1488:17: error: ‘fn’ was not declared in this scope
     SetFunction(fn);
                 ^
../../../../nan/nan.h: In member function ‘bool NanCallback::operator==(const NanCallback&) const’:
../../../../nan/nan.h:1498:64: error: no matching function for call to ‘v8::Object::Get(const uint32_t&)’
     v8::Local<v8::Value> a = NanNew(handle)->Get(kCallbackIndex);
                                                                ^
../../../../nan/nan.h:1498:64: note: candidates are:
In file included from ../ext/bson.cc:14:0:
/home/stephen/.cache/node-gyp/13.9.0/include/node/v8.h:3594:43: note: v8::MaybeLocal<v8::Value> v8::Object::Get(v8::Local<v8::Context>, v8::Local<v8::Value>)
   V8_WARN_UNUSED_RESULT MaybeLocal<Value> Get(Local<Context> context,
                                           ^
/home/stephen/.cache/node-gyp/13.9.0/include/node/v8.h:3594:43: note:   candidate expects 2 arguments, 1 provided
/home/stephen/.cache/node-gyp/13.9.0/include/node/v8.h:3597:43: note: v8::MaybeLocal<v8::Value> v8::Object::Get(v8::Local<v8::Context>, uint32_t)
   V8_WARN_UNUSED_RESULT MaybeLocal<Value> Get(Local<Context> context,
                                           ^
/home/stephen/.cache/node-gyp/13.9.0/include/node/v8.h:3597:43: note:   candidate expects 2 arguments, 1 provided
In file included from ../ext/bson.h:17:0,
                 from ../ext/bson.cc:36:
../../../../nan/nan.h:1499:70: error: no matching function for call to ‘v8::Object::Get(const uint32_t&)’
     v8::Local<v8::Value> b = NanNew(other.handle)->Get(kCallbackIndex);
                                                                      ^
../../../../nan/nan.h:1499:70: note: candidates are:
In file included from ../ext/bson.cc:14:0:
/home/stephen/.cache/node-gyp/13.9.0/include/node/v8.h:3594:43: note: v8::MaybeLocal<v8::Value> v8::Object::Get(v8::Local<v8::Context>, v8::Local<v8::Value>)
   V8_WARN_UNUSED_RESULT MaybeLocal<Value> Get(Local<Context> context,
                                           ^
/home/stephen/.cache/node-gyp/13.9.0/include/node/v8.h:3594:43: note:   candidate expects 2 arguments, 1 provided
/home/stephen/.cache/node-gyp/13.9.0/include/node/v8.h:3597:43: note: v8::MaybeLocal<v8::Value> v8::Object::Get(v8::Local<v8::Context>, uint32_t)
   V8_WARN_UNUSED_RESULT MaybeLocal<Value> Get(Local<Context> context,
                                           ^
/home/stephen/.cache/node-gyp/13.9.0/include/node/v8.h:3597:43: note:   candidate expects 2 arguments, 1 provided
In file included from ../ext/bson.h:17:0,
                 from ../ext/bson.cc:36:
../../../../nan/nan.h: In member function ‘void NanCallback::SetFunction(int)’:
../../../../nan/nan.h:1509:41: error: ‘fn’ was not declared in this scope
     NanNew(handle)->Set(kCallbackIndex, fn);
                                         ^
../../../../nan/nan.h: In member function ‘v8::Local<v8::Function> NanCallback::GetFunction() const’:
../../../../nan/nan.h:1514:61: error: no matching function for call to ‘v8::Object::Get(const uint32_t&)’
     return NanEscapeScope(NanNew(handle)->Get(kCallbackIndex)
                                                             ^
../../../../nan/nan.h:398:59: note: in definition of macro ‘NanEscapeScope’
 # define NanEscapeScope(val) scope.Escape(_NanEnsureLocal(val))
                                                           ^
../../../../nan/nan.h:1514:61: note: candidates are:
     return NanEscapeScope(NanNew(handle)->Get(kCallbackIndex)
                                                             ^
../../../../nan/nan.h:398:59: note: in definition of macro ‘NanEscapeScope’
 # define NanEscapeScope(val) scope.Escape(_NanEnsureLocal(val))
                                                           ^
In file included from ../ext/bson.cc:14:0:
/home/stephen/.cache/node-gyp/13.9.0/include/node/v8.h:3594:43: note: v8::MaybeLocal<v8::Value> v8::Object::Get(v8::Local<v8::Context>, v8::Local<v8::Value>)
   V8_WARN_UNUSED_RESULT MaybeLocal<Value> Get(Local<Context> context,
                                           ^
/home/stephen/.cache/node-gyp/13.9.0/include/node/v8.h:3594:43: note:   candidate expects 2 arguments, 1 provided
/home/stephen/.cache/node-gyp/13.9.0/include/node/v8.h:3597:43: note: v8::MaybeLocal<v8::Value> v8::Object::Get(v8::Local<v8::Context>, uint32_t)
   V8_WARN_UNUSED_RESULT MaybeLocal<Value> Get(Local<Context> context,
                                           ^
/home/stephen/.cache/node-gyp/13.9.0/include/node/v8.h:3597:43: note:   candidate expects 2 arguments, 1 provided
In file included from ../ext/bson.h:17:0,
                 from ../ext/bson.cc:36:
../../../../nan/nan.h:1515:25: error: expected primary-expression before ‘>’ token
         .As<v8::Function>());
                         ^
../../../../nan/nan.h:398:59: note: in definition of macro ‘NanEscapeScope’
 # define NanEscapeScope(val) scope.Escape(_NanEnsureLocal(val))
                                                           ^
../../../../nan/nan.h:1515:27: error: expected primary-expression before ‘)’ token
         .As<v8::Function>());
                           ^
../../../../nan/nan.h:398:59: note: in definition of macro ‘NanEscapeScope’
 # define NanEscapeScope(val) scope.Escape(_NanEnsureLocal(val))
                                                           ^
../../../../nan/nan.h: In member function ‘bool NanCallback::IsEmpty() const’:
../../../../nan/nan.h:1520:46: error: no matching function for call to ‘v8::Object::Get(const uint32_t&)’
     return NanNew(handle)->Get(kCallbackIndex)->IsUndefined();
                                              ^
../../../../nan/nan.h:1520:46: note: candidates are:
In file included from ../ext/bson.cc:14:0:
/home/stephen/.cache/node-gyp/13.9.0/include/node/v8.h:3594:43: note: v8::MaybeLocal<v8::Value> v8::Object::Get(v8::Local<v8::Context>, v8::Local<v8::Value>)
   V8_WARN_UNUSED_RESULT MaybeLocal<Value> Get(Local<Context> context,
                                           ^
/home/stephen/.cache/node-gyp/13.9.0/include/node/v8.h:3594:43: note:   candidate expects 2 arguments, 1 provided
/home/stephen/.cache/node-gyp/13.9.0/include/node/v8.h:3597:43: note: v8::MaybeLocal<v8::Value> v8::Object::Get(v8::Local<v8::Context>, uint32_t)
   V8_WARN_UNUSED_RESULT MaybeLocal<Value> Get(Local<Context> context,
                                           ^
/home/stephen/.cache/node-gyp/13.9.0/include/node/v8.h:3597:43: note:   candidate expects 2 arguments, 1 provided
In file included from ../ext/bson.h:17:0,
                 from ../ext/bson.cc:36:
../../../../nan/nan.h: In constructor ‘NanAsyncWorker::NanAsyncWorker(NanCallback*)’:
../../../../nan/nan.h:1598:46: error: no matching function for call to ‘NanAssignPersistent(v8::Persistent<v8::Object>&, v8::Local<v8::Object>&)’
     NanAssignPersistent(persistentHandle, obj);
                                              ^
../../../../nan/nan.h:1598:46: note: candidates are:
../../../../nan/nan.h:505:19: note: template<class T> void NanAssignPersistent(v8::Persistent<T, v8::NonCopyablePersistentTraits<T> >&, int)
   NAN_INLINE void NanAssignPersistent(
                   ^
../../../../nan/nan.h:505:19: note:   template argument deduction/substitution failed:
../../../../nan/nan.h:1598:46: note:   cannot convert ‘obj’ (type ‘v8::Local<v8::Object>’) to type ‘int’
     NanAssignPersistent(persistentHandle, obj);
                                              ^
../../../../nan/nan.h:512:19: note: template<class T> void NanAssignPersistent(v8::Persistent<T, v8::NonCopyablePersistentTraits<T> >&, const v8::Persistent<T, v8::NonCopyablePersistentTraits<T> >&)
   NAN_INLINE void NanAssignPersistent(
                   ^
../../../../nan/nan.h:512:19: note:   template argument deduction/substitution failed:
../../../../nan/nan.h:1598:46: note:   ‘v8::Local<v8::Object>’ is not derived from ‘const v8::Persistent<T, v8::NonCopyablePersistentTraits<T> >’
     NanAssignPersistent(persistentHandle, obj);
                                              ^
../../../../nan/nan.h: In member function ‘void NanAsyncWorker::SaveToPersistent(const char*, const v8::Local<v8::Object>&)’:
../../../../nan/nan.h:1626:45: error: no matching function for call to ‘v8::Object::Set(NanIntern::FactoryBase<v8::String>::return_t, const v8::Local<v8::Object>&)’
     handle->Set(NanNew<v8::String>(key), obj);
                                             ^
../../../../nan/nan.h:1626:45: note: candidates are:
In file included from ../ext/bson.cc:14:0:
/home/stephen/.cache/node-gyp/13.9.0/include/node/v8.h:3547:37: note: v8::Maybe<bool> v8::Object::Set(v8::Local<v8::Context>, v8::Local<v8::Value>, v8::Local<v8::Value>)
   V8_WARN_UNUSED_RESULT Maybe<bool> Set(Local<Context> context,
                                     ^
/home/stephen/.cache/node-gyp/13.9.0/include/node/v8.h:3547:37: note:   candidate expects 3 arguments, 2 provided
/home/stephen/.cache/node-gyp/13.9.0/include/node/v8.h:3550:37: note: v8::Maybe<bool> v8::Object::Set(v8::Local<v8::Context>, uint32_t, v8::Local<v8::Value>)
   V8_WARN_UNUSED_RESULT Maybe<bool> Set(Local<Context> context, uint32_t index,
                                     ^
/home/stephen/.cache/node-gyp/13.9.0/include/node/v8.h:3550:37: note:   candidate expects 3 arguments, 2 provided
In file included from ../ext/bson.h:17:0,
                 from ../ext/bson.cc:36:
../../../../nan/nan.h: In member function ‘v8::Local<v8::Object> NanAsyncWorker::GetFromPersistent(const char*) const’:
../../../../nan/nan.h:1632:50: error: no matching function for call to ‘v8::Object::Get(NanIntern::FactoryBase<v8::String>::return_t)’
     return NanEscapeScope(handle->Get(NanNew(key)).As<v8::Object>());
                                                  ^
../../../../nan/nan.h:398:59: note: in definition of macro ‘NanEscapeScope’
 # define NanEscapeScope(val) scope.Escape(_NanEnsureLocal(val))
                                                           ^
../../../../nan/nan.h:1632:50: note: candidates are:
     return NanEscapeScope(handle->Get(NanNew(key)).As<v8::Object>());
                                                  ^
../../../../nan/nan.h:398:59: note: in definition of macro ‘NanEscapeScope’
 # define NanEscapeScope(val) scope.Escape(_NanEnsureLocal(val))
                                                           ^
In file included from ../ext/bson.cc:14:0:
/home/stephen/.cache/node-gyp/13.9.0/include/node/v8.h:3594:43: note: v8::MaybeLocal<v8::Value> v8::Object::Get(v8::Local<v8::Context>, v8::Local<v8::Value>)
   V8_WARN_UNUSED_RESULT MaybeLocal<Value> Get(Local<Context> context,
                                           ^
/home/stephen/.cache/node-gyp/13.9.0/include/node/v8.h:3594:43: note:   candidate expects 2 arguments, 1 provided
/home/stephen/.cache/node-gyp/13.9.0/include/node/v8.h:3597:43: note: v8::MaybeLocal<v8::Value> v8::Object::Get(v8::Local<v8::Context>, uint32_t)
   V8_WARN_UNUSED_RESULT MaybeLocal<Value> Get(Local<Context> context,
                                           ^
/home/stephen/.cache/node-gyp/13.9.0/include/node/v8.h:3597:43: note:   candidate expects 2 arguments, 1 provided
In file included from ../ext/bson.h:17:0,
                 from ../ext/bson.cc:36:
../../../../nan/nan.h:1632:65: error: expected primary-expression before ‘>’ token
     return NanEscapeScope(handle->Get(NanNew(key)).As<v8::Object>());
                                                                 ^
../../../../nan/nan.h:398:59: note: in definition of macro ‘NanEscapeScope’
 # define NanEscapeScope(val) scope.Escape(_NanEnsureLocal(val))
                                                           ^
../../../../nan/nan.h:1632:67: error: expected primary-expression before ‘)’ token
     return NanEscapeScope(handle->Get(NanNew(key)).As<v8::Object>());
                                                                   ^
../../../../nan/nan.h:398:59: note: in definition of macro ‘NanEscapeScope’
 # define NanEscapeScope(val) scope.Escape(_NanEnsureLocal(val))
                                                           ^
../../../../nan/nan.h: In member function ‘virtual void NanAsyncWorker::HandleOKCallback()’:
../../../../nan/nan.h:1648:15: error: ‘class NanCallback’ has no member named ‘Call’
     callback->Call(0, NULL);
               ^
../../../../nan/nan.h: In member function ‘virtual void NanAsyncWorker::HandleErrorCallback()’:
../../../../nan/nan.h:1657:15: error: ‘class NanCallback’ has no member named ‘Call’
     callback->Call(1, argv);
               ^
../../../../nan/nan.h: At global scope:
../../../../nan/nan.h:1957:5: error: ‘Handle’ is not a member of ‘v8’
     v8::Handle<v8::Value> val
     ^
../../../../nan/nan.h:1957:25: error: expected primary-expression before ‘>’ token
     v8::Handle<v8::Value> val
                         ^
../../../../nan/nan.h:1957:27: error: ‘val’ was not declared in this scope
     v8::Handle<v8::Value> val
                           ^
../../../../nan/nan.h:1958:5: error: expected primary-expression before ‘const’
   , const char** data
     ^
../../../../nan/nan.h:1959:11: error: expected primary-expression before ‘*’ token
   , size_t* len
           ^
../../../../nan/nan.h:1959:13: error: ‘len’ was not declared in this scope
   , size_t* len
             ^
../../../../nan/nan.h:1960:1: error: expression list treated as compound expression in initializer [-fpermissive]
 ) {
 ^
../../../../nan/nan.h:1960:3: error: expected ‘,’ or ‘;’ before ‘{’ token
 ) {
   ^
In file included from ../../../../nan/nan_new.h:189:0,
                 from ../../../../nan/nan.h:82,
                 from ../ext/bson.h:17,
                 from ../ext/bson.cc:36:
../../../../nan/nan_implementation_12_inl.h: In static member function ‘static NanIntern::FactoryBase<v8::String>::return_t NanIntern::Factory<v8::String>::New(const char*, int)’:
../../../../nan/nan_implementation_12_inl.h:194:1: warning: control reaches end of non-void function [-Wreturn-type]
 }
 ^
In file included from ../ext/bson.h:17:0,
                 from ../ext/bson.cc:36:
../../../../nan/nan.h: At global scope:
../../../../nan/nan.h:1956:13: warning: ‘_NanGetExternalParts’ defined but not used [-Wunused-variable]
 static bool _NanGetExternalParts(
             ^
make: *** [Release/obj.target/bson/ext/bson.o] Error 1
gyp ERR! build error 
gyp ERR! stack Error: `make` failed with exit code: 2
gyp ERR! stack     at ChildProcess.onExit (/usr/lib/node_modules/npm/node_modules/node-gyp/lib/build.js:194:23)
gyp ERR! stack     at ChildProcess.emit (events.js:321:20)
gyp ERR! stack     at Process.ChildProcess._handle.onexit (internal/child_process.js:275:12)
gyp ERR! System Linux 4.4.0-148-generic
gyp ERR! command "/usr/bin/node" "/usr/lib/node_modules/npm/node_modules/node-gyp/bin/node-gyp.js" "rebuild"
gyp ERR! cwd /home/stephen/Documents/Project/node_modules/mongoose-post-find/node_modules/bson
gyp ERR! node -v v13.9.0
gyp ERR! node-gyp -v v5.0.7
gyp ERR! not ok 
